<?xml version="1.0" encoding="UTF-8"?>
<!-- Generated by org.testng.reporters.JUnitXMLReporter -->
<testsuite hostname="ADBIN0257" ignored="0" name="Default test" tests="7" failures="0" timestamp="19 Aug 2019 04:20:16 GMT" time="136.425" errors="0">
  <testcase name="verifyWebsiteUserPageTitle" time="0.116" classname="com.greenorbit.qa.testcases.WebsiteUserPageTest"/>
  <testcase name="verifyCreateNewWebsiteUser" time="7.585" classname="com.greenorbit.qa.testcases.WebsiteUserPageTest"/>
  <testcase name="verifyCreateNewWebsiteUser" time="6.646" classname="com.greenorbit.qa.testcases.WebsiteUserPageTest"/>
  <testcase name="verifyCreateNewWebsiteUser" time="5.904" classname="com.greenorbit.qa.testcases.WebsiteUserPageTest"/>
  <testcase name="verifyCreateNewWebsiteUser" time="5.982" classname="com.greenorbit.qa.testcases.WebsiteUserPageTest"/>
  <testcase name="verifyCreateNewWebsiteUser" time="6.128" classname="com.greenorbit.qa.testcases.WebsiteUserPageTest"/>
  <testcase name="verifyCreateNewWebsiteUser" time="6.02" classname="com.greenorbit.qa.testcases.WebsiteUserPageTest"/>
</testsuite> <!-- Default test -->
