<?xml version="1.0" encoding="UTF-8"?>
<!-- Generated by org.testng.reporters.JUnitXMLReporter -->
<testsuite hostname="ADBIN0257" ignored="0" name="Default test" tests="6" failures="0" timestamp="19 Aug 2019 07:17:22 GMT" time="91.279" errors="0">
  <testcase name="verifyHomePageTitleTest" time="0.017" classname="com.greenorbit.qa.testcases.HomePageTest"/>
  <testcase name="verifyPageHeadingTest" time="0.148" classname="com.greenorbit.qa.testcases.HomePageTest"/>
  <testcase name="clickOnHelpLinkTest" time="2.228" classname="com.greenorbit.qa.testcases.HomePageTest"/>
  <testcase name="clickOnAboutLinkTest" time="7.313" classname="com.greenorbit.qa.testcases.HomePageTest"/>
  <testcase name="clickOnWebsiteUserTest" time="4.968" classname="com.greenorbit.qa.testcases.HomePageTest"/>
  <testcase name="clickonAddWebsiteUserTest" time="6.049" classname="com.greenorbit.qa.testcases.HomePageTest"/>
</testsuite> <!-- Default test -->
