<?xml version="1.0" encoding="UTF-8"?>
<!-- Generated by org.testng.reporters.JUnitXMLReporter -->
<testsuite hostname="ADBIN0257" ignored="0" name="Default test(failed)(failed)" tests="2" failures="0" timestamp="09 Jul 2019 10:03:00 GMT" time="13.938" errors="0">
  <testcase name="@BeforeMethod setUp" time="13.819" classname="com.greenorbit.qa.testcases.WebsiteUserPageTest">
    <failure type="java.lang.StackOverflowError">
      <![CDATA[java.lang.StackOverflowError
	at com.greenorbit.qa.util.TestUtil.switchToFrame(TestUtil.java:23)
	at com.greenorbit.qa.util.TestUtil.switchToFrame(TestUtil.java:23)
	at com.greenorbit.qa.util.TestUtil.switchToFrame(TestUtil.java:23)
	at com.greenorbit.qa.util.TestUtil.switchToFrame(TestUtil.java:23)
	at com.greenorbit.qa.util.TestUtil.switchToFrame(TestUtil.java:23)
	at com.greenorbit.qa.util.TestUtil.switchToFrame(TestUtil.java:23)
	at com.greenorbit.qa.util.TestUtil.switchToFrame(TestUtil.java:23)
	at com.greenorbit.qa.util.TestUtil.switchToFrame(TestUtil.java:23)
	at com.greenorbit.qa.util.TestUtil.switchToFrame(TestUtil.java:23)
	at com.greenorbit.qa.util.TestUtil.switchToFrame(TestUtil.java:23)
	at com.greenorbit.qa.util.TestUtil.switchToFrame(TestUtil.java:23)
	at com.greenorbit.qa.util.TestUtil.switchToFrame(TestUtil.java:23)
	at com.greenorbit.qa.util.TestUtil.switchToFrame(TestUtil.java:23)
	at com.greenorbit.qa.util.TestUtil.switchToFrame(TestUtil.java:23)
	at com.greenorbit.qa.util.TestUtil.switchToFrame(TestUtil.java:23)
	at com.greenorbit.qa.util.TestUtil.switchToFrame(TestUtil.java:23)
	at com.greenorbit.qa.util.TestUtil.switchToFrame(TestUtil.java:23)
	at com.greenorbit.qa.util.TestUtil.switchToFrame(TestUtil.java:23)
	at com.greenorbit.qa.util.TestUtil.switchToFrame(TestUtil.java:23)
	at com.greenorbit.qa.util.TestUtil.switchToFrame(TestUtil.java:23)
	at com.greenorbit.qa.util.TestUtil.switchToFrame(TestUtil.java:23)
	at com.greenorbit.qa.util.TestUtil.switchToFrame(TestUtil.java:23)
	at com.greenorbit.qa.util.TestUtil.switchToFrame(TestUtil.java:23)
	at com.greenorbit.qa.util.TestUtil.switchToFrame(TestUtil.java:23)
	at com.greenorbit.qa.util.TestUtil.switchToFrame(TestUtil.java:23)
	at com.greenorbit.qa.util.TestUtil.switchToFrame(TestUtil.java:23)
	at com.greenorbit.qa.util.TestUtil.switchToFrame(TestUtil.java:23)
	at com.greenorbit.qa.util.TestUtil.switchToFrame(TestUtil.java:23)
	at com.greenorbit.qa.util.TestUtil.switchToFrame(TestUtil.java:23)
	at com.greenorbit.qa.util.TestUtil.switchToFrame(TestUtil.java:23)
	at com.greenorbit.qa.util.TestUtil.switchToFrame(TestUtil.java:23)
	at com.greenorbit.qa.util.TestUtil.switchToFrame(TestUtil.java:23)
	at com.greenorbit.qa.util.TestUtil.switchToFrame(TestUtil.java:23)
	at com.greenorbit.qa.util.TestUtil.switchToFrame(TestUtil.java:23)
	at com.greenorbit.qa.util.TestUtil.switchToFrame(TestUtil.java:23)
	at com.greenorbit.qa.util.TestUtil.switchToFrame(TestUtil.java:23)
	at com.greenorbit.qa.util.TestUtil.switchToFrame(TestUtil.java:23)
	at com.greenorbit.qa.util.TestUtil.switchToFrame(TestUtil.java:23)
	at com.greenorbit.qa.util.TestUtil.switchToFrame(TestUtil.java:23)
	at com.greenorbit.qa.util.TestUtil.switchToFrame(TestUtil.java:23)
	at com.greenorbit.qa.util.TestUtil.switchToFrame(TestUtil.java:23)
	at com.greenorbit.qa.util.TestUtil.switchToFrame(TestUtil.java:23)
	at com.greenorbit.qa.util.TestUtil.switchToFrame(TestUtil.java:23)
	at com.greenorbit.qa.util.TestUtil.switchToFrame(TestUtil.java:23)
	at com.greenorbit.qa.util.TestUtil.switchToFrame(TestUtil.java:23)
	at com.greenorbit.qa.util.TestUtil.switchToFrame(TestUtil.java:23)
	at com.greenorbit.qa.util.TestUtil.switchToFrame(TestUtil.java:23)
	at com.greenorbit.qa.util.TestUtil.switchToFrame(TestUtil.java:23)
	at com.greenorbit.qa.util.TestUtil.switchToFrame(TestUtil.java:23)
	at com.greenorbit.qa.util.TestUtil.switchToFrame(TestUtil.java:23)
	at com.greenorbit.qa.util.TestUtil.switchToFrame(TestUtil.java:23)
	at com.greenorbit.qa.util.TestUtil.switchToFrame(TestUtil.java:23)
	at com.greenorbit.qa.util.TestUtil.switchToFrame(TestUtil.java:23)
	at com.greenorbit.qa.util.TestUtil.switchToFrame(TestUtil.java:23)
	at com.greenorbit.qa.util.TestUtil.switchToFrame(TestUtil.java:23)
	at com.greenorbit.qa.util.TestUtil.switchToFrame(TestUtil.java:23)
	at com.greenorbit.qa.util.TestUtil.switchToFrame(TestUtil.java:23)
	at com.greenorbit.qa.util.TestUtil.switchToFrame(TestUtil.java:23)
	at com.greenorbit.qa.util.TestUtil.switchToFrame(TestUtil.java:23)
	at com.greenorbit.qa.util.TestUtil.switchToFrame(TestUtil.java:23)
	at com.greenorbit.qa.util.TestUtil.switchToFrame(TestUtil.java:23)
	at com.greenorbit.qa.util.TestUtil.switchToFrame(TestUtil.java:23)
	at com.greenorbit.qa.util.TestUtil.switchToFrame(TestUtil.java:23)
	at com.greenorbit.qa.util.TestUtil.switchToFrame(TestUtil.java:23)
	at com.greenorbit.qa.util.TestUtil.switchToFrame(TestUtil.java:23)
	at com.greenorbit.qa.util.TestUtil.switchToFrame(TestUtil.java:23)
	at com.greenorbit.qa.util.TestUtil.switchToFrame(TestUtil.java:23)
	at com.greenorbit.qa.util.TestUtil.switchToFrame(TestUtil.java:23)
	at com.greenorbit.qa.util.TestUtil.switchToFrame(TestUtil.java:23)
	at com.greenorbit.qa.util.TestUtil.switchToFrame(TestUtil.java:23)
	at com.greenorbit.qa.util.TestUtil.switchToFrame(TestUtil.java:23)
	at com.greenorbit.qa.util.TestUtil.switchToFrame(TestUtil.java:23)
	at com.greenorbit.qa.util.TestUtil.switchToFrame(TestUtil.java:23)
	at com.greenorbit.qa.util.TestUtil.switchToFrame(TestUtil.java:23)
	at com.greenorbit.qa.util.TestUtil.switchToFrame(TestUtil.java:23)
	at com.greenorbit.qa.util.TestUtil.switchToFrame(TestUtil.java:23)
	at com.greenorbit.qa.util.TestUtil.switchToFrame(TestUtil.java:23)
	at com.greenorbit.qa.util.TestUtil.switchToFrame(TestUtil.java:23)
	at com.greenorbit.qa.util.TestUtil.switchToFrame(TestUtil.java:23)
	at com.greenorbit.qa.util.TestUtil.switchToFrame(TestUtil.java:23)
	at com.greenorbit.qa.util.TestUtil.switchToFrame(TestUtil.java:23)
	at com.greenorbit.qa.util.TestUtil.switchToFrame(TestUtil.java:23)
	at com.greenorbit.qa.util.TestUtil.switchToFrame(TestUtil.java:23)
	at com.greenorbit.qa.util.TestUtil.switchToFrame(TestUtil.java:23)
	at com.greenorbit.qa.util.TestUtil.switchToFrame(TestUtil.java:23)
	at com.greenorbit.qa.util.TestUtil.switchToFrame(TestUtil.java:23)
	at com.greenorbit.qa.util.TestUtil.switchToFrame(TestUtil.java:23)
	at com.greenorbit.qa.util.TestUtil.switchToFrame(TestUtil.java:23)
	at com.greenorbit.qa.util.TestUtil.switchToFrame(TestUtil.java:23)
	at com.greenorbit.qa.util.TestUtil.switchToFrame(TestUtil.java:23)
	at com.greenorbit.qa.util.TestUtil.switchToFrame(TestUtil.java:23)
	at com.greenorbit.qa.util.TestUtil.switchToFrame(TestUtil.java:23)
	at com.greenorbit.qa.util.TestUtil.switchToFrame(TestUtil.java:23)
	at com.greenorbit.qa.util.TestUtil.switchToFrame(TestUtil.java:23)
	at com.greenorbit.qa.util.TestUtil.switchToFrame(TestUtil.java:23)
	at com.greenorbit.qa.util.TestUtil.switchToFrame(TestUtil.java:23)
	at com.greenorbit.qa.util.TestUtil.switchToFrame(TestUtil.java:23)
	at com.greenorbit.qa.util.TestUtil.switchToFrame(TestUtil.java:23)
	at com.greenorbit.qa.util.TestUtil.switchToFrame(TestUtil.java:23)
	at com.greenorbit.qa.util.TestUtil.switchToFrame(TestUtil.java:23)
	at com.greenorbit.qa.util.TestUtil.switchToFrame(TestUtil.java:23)
	at com.greenorbit.qa.util.TestUtil.switchToFrame(TestUtil.java:23)
	at com.greenorbit.qa.util.TestUtil.switchToFrame(TestUtil.java:23)
	at com.greenorbit.qa.util.TestUtil.switchToFrame(TestUtil.java:23)
	at com.greenorbit.qa.util.TestUtil.switchToFrame(TestUtil.java:23)
	at com.greenorbit.qa.util.TestUtil.switchToFrame(TestUtil.java:23)
	at com.greenorbit.qa.util.TestUtil.switchToFrame(TestUtil.java:23)
	at com.greenorbit.qa.util.TestUtil.switchToFrame(TestUtil.java:23)
	at com.greenorbit.qa.util.TestUtil.switchToFrame(TestUtil.java:23)
	at com.greenorbit.qa.util.TestUtil.switchToFrame(TestUtil.java:23)
	at com.greenorbit.qa.util.TestUtil.switchToFrame(TestUtil.java:23)
	at com.greenorbit.qa.util.TestUtil.switchToFrame(TestUtil.java:23)
	at com.greenorbit.qa.util.TestUtil.switchToFrame(TestUtil.java:23)
	at com.greenorbit.qa.util.TestUtil.switchToFrame(TestUtil.java:23)
	at com.greenorbit.qa.util.TestUtil.switchToFrame(TestUtil.java:23)
	at com.greenorbit.qa.util.TestUtil.switchToFrame(TestUtil.java:23)
	at com.greenorbit.qa.util.TestUtil.switchToFrame(TestUtil.java:23)
	at com.greenorbit.qa.util.TestUtil.switchToFrame(TestUtil.java:23)
	at com.greenorbit.qa.util.TestUtil.switchToFrame(TestUtil.java:23)
	at com.greenorbit.qa.util.TestUtil.switchToFrame(TestUtil.java:23)
	at com.greenorbit.qa.util.TestUtil.switchToFrame(TestUtil.java:23)
	at com.greenorbit.qa.util.TestUtil.switchToFrame(TestUtil.java:23)
	at com.greenorbit.qa.util.TestUtil.switchToFrame(TestUtil.java:23)
	at com.greenorbit.qa.util.TestUtil.switchToFrame(TestUtil.java:23)
	at com.greenorbit.qa.util.TestUtil.switchToFrame(TestUtil.java:23)
	at com.greenorbit.qa.util.TestUtil.switchToFrame(TestUtil.java:23)
	at com.greenorbit.qa.util.TestUtil.switchToFrame(TestUtil.java:23)
	at com.greenorbit.qa.util.TestUtil.switchToFrame(TestUtil.java:23)
	at com.greenorbit.qa.util.TestUtil.switchToFrame(TestUtil.java:23)
	at com.greenorbit.qa.util.TestUtil.switchToFrame(TestUtil.java:23)
	at com.greenorbit.qa.util.TestUtil.switchToFrame(TestUtil.java:23)
	at com.greenorbit.qa.util.TestUtil.switchToFrame(TestUtil.java:23)
	at com.greenorbit.qa.util.TestUtil.switchToFrame(TestUtil.java:23)
	at com.greenorbit.qa.util.TestUtil.switchToFrame(TestUtil.java:23)
	at com.greenorbit.qa.util.TestUtil.switchToFrame(TestUtil.java:23)
	at com.greenorbit.qa.util.TestUtil.switchToFrame(TestUtil.java:23)
	at com.greenorbit.qa.util.TestUtil.switchToFrame(TestUtil.java:23)
	at com.greenorbit.qa.util.TestUtil.switchToFrame(TestUtil.java:23)
	at com.greenorbit.qa.util.TestUtil.switchToFrame(TestUtil.java:23)
	at com.greenorbit.qa.util.TestUtil.switchToFrame(TestUtil.java:23)
	at com.greenorbit.qa.util.TestUtil.switchToFrame(TestUtil.java:23)
	at com.greenorbit.qa.util.TestUtil.switchToFrame(TestUtil.java:23)
	at com.greenorbit.qa.util.TestUtil.switchToFrame(TestUtil.java:23)
	at com.greenorbit.qa.util.TestUtil.switchToFrame(TestUtil.java:23)
	at com.greenorbit.qa.util.TestUtil.switchToFrame(TestUtil.java:23)
	at com.greenorbit.qa.util.TestUtil.switchToFrame(TestUtil.java:23)
	at com.greenorbit.qa.util.TestUtil.switchToFrame(TestUtil.java:23)
	at com.greenorbit.qa.util.TestUtil.switchToFrame(TestUtil.java:23)
	at com.greenorbit.qa.util.TestUtil.switchToFrame(TestUtil.java:23)
	at com.greenorbit.qa.util.TestUtil.switchToFrame(TestUtil.java:23)
	at com.greenorbit.qa.util.TestUtil.switchToFrame(TestUtil.java:23)
	at com.greenorbit.qa.util.TestUtil.switchToFrame(TestUtil.java:23)
	at com.greenorbit.qa.util.TestUtil.switchToFrame(TestUtil.java:23)
	at com.greenorbit.qa.util.TestUtil.switchToFrame(TestUtil.java:23)
	at com.greenorbit.qa.util.TestUtil.switchToFrame(TestUtil.java:23)
	at com.greenorbit.qa.util.TestUtil.switchToFrame(TestUtil.java:23)
	at com.greenorbit.qa.util.TestUtil.switchToFrame(TestUtil.java:23)
	at com.greenorbit.qa.util.TestUtil.switchToFrame(TestUtil.java:23)
	at com.greenorbit.qa.util.TestUtil.switchToFrame(TestUtil.java:23)
	at com.greenorbit.qa.util.TestUtil.switchToFrame(TestUtil.java:23)
	at com.greenorbit.qa.util.TestUtil.switchToFrame(TestUtil.java:23)
	at com.greenorbit.qa.util.TestUtil.switchToFrame(TestUtil.java:23)
	at com.greenorbit.qa.util.TestUtil.switchToFrame(TestUtil.java:23)
	at com.greenorbit.qa.util.TestUtil.switchToFrame(TestUtil.java:23)
	at com.greenorbit.qa.util.TestUtil.switchToFrame(TestUtil.java:23)
	at com.greenorbit.qa.util.TestUtil.switchToFrame(TestUtil.java:23)
	at com.greenorbit.qa.util.TestUtil.switchToFrame(TestUtil.java:23)
	at com.greenorbit.qa.util.TestUtil.switchToFrame(TestUtil.java:23)
	at com.greenorbit.qa.util.TestUtil.switchToFrame(TestUtil.java:23)
	at com.greenorbit.qa.util.TestUtil.switchToFrame(TestUtil.java:23)
	at com.greenorbit.qa.util.TestUtil.switchToFrame(TestUtil.java:23)
	at com.greenorbit.qa.util.TestUtil.switchToFrame(TestUtil.java:23)
	at com.greenorbit.qa.util.TestUtil.switchToFrame(TestUtil.java:23)
	at com.greenorbit.qa.util.TestUtil.switchToFrame(TestUtil.java:23)
	at com.greenorbit.qa.util.TestUtil.switchToFrame(TestUtil.java:23)
	at com.greenorbit.qa.util.TestUtil.switchToFrame(TestUtil.java:23)
	at com.greenorbit.qa.util.TestUtil.switchToFrame(TestUtil.java:23)
	at com.greenorbit.qa.util.TestUtil.switchToFrame(TestUtil.java:23)
	at com.greenorbit.qa.util.TestUtil.switchToFrame(TestUtil.java:23)
	at com.greenorbit.qa.util.TestUtil.switchToFrame(TestUtil.java:23)
	at com.greenorbit.qa.util.TestUtil.switchToFrame(TestUtil.java:23)
	at com.greenorbit.qa.util.TestUtil.switchToFrame(TestUtil.java:23)
	at com.greenorbit.qa.util.TestUtil.switchToFrame(TestUtil.java:23)
	at com.greenorbit.qa.util.TestUtil.switchToFrame(TestUtil.java:23)
	at com.greenorbit.qa.util.TestUtil.switchToFrame(TestUtil.java:23)
	at com.greenorbit.qa.util.TestUtil.switchToFrame(TestUtil.java:23)
	at com.greenorbit.qa.util.TestUtil.switchToFrame(TestUtil.java:23)
	at com.greenorbit.qa.util.TestUtil.switchToFrame(TestUtil.java:23)
	at com.greenorbit.qa.util.TestUtil.switchToFrame(TestUtil.java:23)
	at com.greenorbit.qa.util.TestUtil.switchToFrame(TestUtil.java:23)
	at com.greenorbit.qa.util.TestUtil.switchToFrame(TestUtil.java:23)
	at com.greenorbit.qa.util.TestUtil.switchToFrame(TestUtil.java:23)
	at com.greenorbit.qa.util.TestUtil.switchToFrame(TestUtil.java:23)
	at com.greenorbit.qa.util.TestUtil.switchToFrame(TestUtil.java:23)
	at com.greenorbit.qa.util.TestUtil.switchToFrame(TestUtil.java:23)
	at com.greenorbit.qa.util.TestUtil.switchToFrame(TestUtil.java:23)
	at com.greenorbit.qa.util.TestUtil.switchToFrame(TestUtil.java:23)
	at com.greenorbit.qa.util.TestUtil.switchToFrame(TestUtil.java:23)
	at com.greenorbit.qa.util.TestUtil.switchToFrame(TestUtil.java:23)
	at com.greenorbit.qa.util.TestUtil.switchToFrame(TestUtil.java:23)
	at com.greenorbit.qa.util.TestUtil.switchToFrame(TestUtil.java:23)
	at com.greenorbit.qa.util.TestUtil.switchToFrame(TestUtil.java:23)
	at com.greenorbit.qa.util.TestUtil.switchToFrame(TestUtil.java:23)
	at com.greenorbit.qa.util.TestUtil.switchToFrame(TestUtil.java:23)
	at com.greenorbit.qa.util.TestUtil.switchToFrame(TestUtil.java:23)
	at com.greenorbit.qa.util.TestUtil.switchToFrame(TestUtil.java:23)
	at com.greenorbit.qa.util.TestUtil.switchToFrame(TestUtil.java:23)
	at com.greenorbit.qa.util.TestUtil.switchToFrame(TestUtil.java:23)
	at com.greenorbit.qa.util.TestUtil.switchToFrame(TestUtil.java:23)
	at com.greenorbit.qa.util.TestUtil.switchToFrame(TestUtil.java:23)
	at com.greenorbit.qa.util.TestUtil.switchToFrame(TestUtil.java:23)
	at com.greenorbit.qa.util.TestUtil.switchToFrame(TestUtil.java:23)
	at com.greenorbit.qa.util.TestUtil.switchToFrame(TestUtil.java:23)
	at com.greenorbit.qa.util.TestUtil.switchToFrame(TestUtil.java:23)
	at com.greenorbit.qa.util.TestUtil.switchToFrame(TestUtil.java:23)
	at com.greenorbit.qa.util.TestUtil.switchToFrame(TestUtil.java:23)
	at com.greenorbit.qa.util.TestUtil.switchToFrame(TestUtil.java:23)
	at com.greenorbit.qa.util.TestUtil.switchToFrame(TestUtil.java:23)
	at com.greenorbit.qa.util.TestUtil.switchToFrame(TestUtil.java:23)
	at com.greenorbit.qa.util.TestUtil.switchToFrame(TestUtil.java:23)
	at com.greenorbit.qa.util.TestUtil.switchToFrame(TestUtil.java:23)
	at com.greenorbit.qa.util.TestUtil.switchToFrame(TestUtil.java:23)
	at com.greenorbit.qa.util.TestUtil.switchToFrame(TestUtil.java:23)
	at com.greenorbit.qa.util.TestUtil.switchToFrame(TestUtil.java:23)
	at com.greenorbit.qa.util.TestUtil.switchToFrame(TestUtil.java:23)
	at com.greenorbit.qa.util.TestUtil.switchToFrame(TestUtil.java:23)
	at com.greenorbit.qa.util.TestUtil.switchToFrame(TestUtil.java:23)
	at com.greenorbit.qa.util.TestUtil.switchToFrame(TestUtil.java:23)
	at com.greenorbit.qa.util.TestUtil.switchToFrame(TestUtil.java:23)
	at com.greenorbit.qa.util.TestUtil.switchToFrame(TestUtil.java:23)
	at com.greenorbit.qa.util.TestUtil.switchToFrame(TestUtil.java:23)
	at com.greenorbit.qa.util.TestUtil.switchToFrame(TestUtil.java:23)
	at com.greenorbit.qa.util.TestUtil.switchToFrame(TestUtil.java:23)
	at com.greenorbit.qa.util.TestUtil.switchToFrame(TestUtil.java:23)
	at com.greenorbit.qa.util.TestUtil.switchToFrame(TestUtil.java:23)
	at com.greenorbit.qa.util.TestUtil.switchToFrame(TestUtil.java:23)
	at com.greenorbit.qa.util.TestUtil.switchToFrame(TestUtil.java:23)
	at com.greenorbit.qa.util.TestUtil.switchToFrame(TestUtil.java:23)
	at com.greenorbit.qa.util.TestUtil.switchToFrame(TestUtil.java:23)
	at com.greenorbit.qa.util.TestUtil.switchToFrame(TestUtil.java:23)
	at com.greenorbit.qa.util.TestUtil.switchToFrame(TestUtil.java:23)
	at com.greenorbit.qa.util.TestUtil.switchToFrame(TestUtil.java:23)
	at com.greenorbit.qa.util.TestUtil.switchToFrame(TestUtil.java:23)
	at com.greenorbit.qa.util.TestUtil.switchToFrame(TestUtil.java:23)
	at com.greenorbit.qa.util.TestUtil.switchToFrame(TestUtil.java:23)
	at com.greenorbit.qa.util.TestUtil.switchToFrame(TestUtil.java:23)
	at com.greenorbit.qa.util.TestUtil.switchToFrame(TestUtil.java:23)
	at com.greenorbit.qa.util.TestUtil.switchToFrame(TestUtil.java:23)
	at com.greenorbit.qa.util.TestUtil.switchToFrame(TestUtil.java:23)
	at com.greenorbit.qa.util.TestUtil.switchToFrame(TestUtil.java:23)
	at com.greenorbit.qa.util.TestUtil.switchToFrame(TestUtil.java:23)
	at com.greenorbit.qa.util.TestUtil.switchToFrame(TestUtil.java:23)
	at com.greenorbit.qa.util.TestUtil.switchToFrame(TestUtil.java:23)
	at com.greenorbit.qa.util.TestUtil.switchToFrame(TestUtil.java:23)
	at com.greenorbit.qa.util.TestUtil.switchToFrame(TestUtil.java:23)
	at com.greenorbit.qa.util.TestUtil.switchToFrame(TestUtil.java:23)
	at com.greenorbit.qa.util.TestUtil.switchToFrame(TestUtil.java:23)
	at com.greenorbit.qa.util.TestUtil.switchToFrame(TestUtil.java:23)
	at com.greenorbit.qa.util.TestUtil.switchToFrame(TestUtil.java:23)
	at com.greenorbit.qa.util.TestUtil.switchToFrame(TestUtil.java:23)
	at com.greenorbit.qa.util.TestUtil.switchToFrame(TestUtil.java:23)
	at com.greenorbit.qa.util.TestUtil.switchToFrame(TestUtil.java:23)
	at com.greenorbit.qa.util.TestUtil.switchToFrame(TestUtil.java:23)
	at com.greenorbit.qa.util.TestUtil.switchToFrame(TestUtil.java:23)
	at com.greenorbit.qa.util.TestUtil.switchToFrame(TestUtil.java:23)
	at com.greenorbit.qa.util.TestUtil.switchToFrame(TestUtil.java:23)
	at com.greenorbit.qa.util.TestUtil.switchToFrame(TestUtil.java:23)
	at com.greenorbit.qa.util.TestUtil.switchToFrame(TestUtil.java:23)
	at com.greenorbit.qa.util.TestUtil.switchToFrame(TestUtil.java:23)
	at com.greenorbit.qa.util.TestUtil.switchToFrame(TestUtil.java:23)
	at com.greenorbit.qa.util.TestUtil.switchToFrame(TestUtil.java:23)
	at com.greenorbit.qa.util.TestUtil.switchToFrame(TestUtil.java:23)
	at com.greenorbit.qa.util.TestUtil.switchToFrame(TestUtil.java:23)
	at com.greenorbit.qa.util.TestUtil.switchToFrame(TestUtil.java:23)
	at com.greenorbit.qa.util.TestUtil.switchToFrame(TestUtil.java:23)
	at com.greenorbit.qa.util.TestUtil.switchToFrame(TestUtil.java:23)
	at com.greenorbit.qa.util.TestUtil.switchToFrame(TestUtil.java:23)
	at com.greenorbit.qa.util.TestUtil.switchToFrame(TestUtil.java:23)
	at com.greenorbit.qa.util.TestUtil.switchToFrame(TestUtil.java:23)
	at com.greenorbit.qa.util.TestUtil.switchToFrame(TestUtil.java:23)
	at com.greenorbit.qa.util.TestUtil.switchToFrame(TestUtil.java:23)
	at com.greenorbit.qa.util.TestUtil.switchToFrame(TestUtil.java:23)
	at com.greenorbit.qa.util.TestUtil.switchToFrame(TestUtil.java:23)
	at com.greenorbit.qa.util.TestUtil.switchToFrame(TestUtil.java:23)
	at com.greenorbit.qa.util.TestUtil.switchToFrame(TestUtil.java:23)
	at com.greenorbit.qa.util.TestUtil.switchToFrame(TestUtil.java:23)
	at com.greenorbit.qa.util.TestUtil.switchToFrame(TestUtil.java:23)
	at com.greenorbit.qa.util.TestUtil.switchToFrame(TestUtil.java:23)
	at com.greenorbit.qa.util.TestUtil.switchToFrame(TestUtil.java:23)
	at com.greenorbit.qa.util.TestUtil.switchToFrame(TestUtil.java:23)
	at com.greenorbit.qa.util.TestUtil.switchToFrame(TestUtil.java:23)
	at com.greenorbit.qa.util.TestUtil.switchToFrame(TestUtil.java:23)
	at com.greenorbit.qa.util.TestUtil.switchToFrame(TestUtil.java:23)
	at com.greenorbit.qa.util.TestUtil.switchToFrame(TestUtil.java:23)
	at com.greenorbit.qa.util.TestUtil.switchToFrame(TestUtil.java:23)
	at com.greenorbit.qa.util.TestUtil.switchToFrame(TestUtil.java:23)
	at com.greenorbit.qa.util.TestUtil.switchToFrame(TestUtil.java:23)
	at com.greenorbit.qa.util.TestUtil.switchToFrame(TestUtil.java:23)
	at com.greenorbit.qa.util.TestUtil.switchToFrame(TestUtil.java:23)
	at com.greenorbit.qa.util.TestUtil.switchToFrame(TestUtil.java:23)
	at com.greenorbit.qa.util.TestUtil.switchToFrame(TestUtil.java:23)
	at com.greenorbit.qa.util.TestUtil.switchToFrame(TestUtil.java:23)
	at com.greenorbit.qa.util.TestUtil.switchToFrame(TestUtil.java:23)
	at com.greenorbit.qa.util.TestUtil.switchToFrame(TestUtil.java:23)
	at com.greenorbit.qa.util.TestUtil.switchToFrame(TestUtil.java:23)
	at com.greenorbit.qa.util.TestUtil.switchToFrame(TestUtil.java:23)
	at com.greenorbit.qa.util.TestUtil.switchToFrame(TestUtil.java:23)
	at com.greenorbit.qa.util.TestUtil.switchToFrame(TestUtil.java:23)
	at com.greenorbit.qa.util.TestUtil.switchToFrame(TestUtil.java:23)
	at com.greenorbit.qa.util.TestUtil.switchToFrame(TestUtil.java:23)
	at com.greenorbit.qa.util.TestUtil.switchToFrame(TestUtil.java:23)
	at com.greenorbit.qa.util.TestUtil.switchToFrame(TestUtil.java:23)
	at com.greenorbit.qa.util.TestUtil.switchToFrame(TestUtil.java:23)
	at com.greenorbit.qa.util.TestUtil.switchToFrame(TestUtil.java:23)
	at com.greenorbit.qa.util.TestUtil.switchToFrame(TestUtil.java:23)
	at com.greenorbit.qa.util.TestUtil.switchToFrame(TestUtil.java:23)
	at com.greenorbit.qa.util.TestUtil.switchToFrame(TestUtil.java:23)
	at com.greenorbit.qa.util.TestUtil.switchToFrame(TestUtil.java:23)
	at com.greenorbit.qa.util.TestUtil.switchToFrame(TestUtil.java:23)
	at com.greenorbit.qa.util.TestUtil.switchToFrame(TestUtil.java:23)
	at com.greenorbit.qa.util.TestUtil.switchToFrame(TestUtil.java:23)
	at com.greenorbit.qa.util.TestUtil.switchToFrame(TestUtil.java:23)
	at com.greenorbit.qa.util.TestUtil.switchToFrame(TestUtil.java:23)
	at com.greenorbit.qa.util.TestUtil.switchToFrame(TestUtil.java:23)
	at com.greenorbit.qa.util.TestUtil.switchToFrame(TestUtil.java:23)
	at com.greenorbit.qa.util.TestUtil.switchToFrame(TestUtil.java:23)
	at com.greenorbit.qa.util.TestUtil.switchToFrame(TestUtil.java:23)
	at com.greenorbit.qa.util.TestUtil.switchToFrame(TestUtil.java:23)
	at com.greenorbit.qa.util.TestUtil.switchToFrame(TestUtil.java:23)
	at com.greenorbit.qa.util.TestUtil.switchToFrame(TestUtil.java:23)
	at com.greenorbit.qa.util.TestUtil.switchToFrame(TestUtil.java:23)
	at com.greenorbit.qa.util.TestUtil.switchToFrame(TestUtil.java:23)
	at com.greenorbit.qa.util.TestUtil.switchToFrame(TestUtil.java:23)
	at com.greenorbit.qa.util.TestUtil.switchToFrame(TestUtil.java:23)
	at com.greenorbit.qa.util.TestUtil.switchToFrame(TestUtil.java:23)
	at com.greenorbit.qa.util.TestUtil.switchToFrame(TestUtil.java:23)
	at com.greenorbit.qa.util.TestUtil.switchToFrame(TestUtil.java:23)
	at com.greenorbit.qa.util.TestUtil.switchToFrame(TestUtil.java:23)
	at com.greenorbit.qa.util.TestUtil.switchToFrame(TestUtil.java:23)
	at com.greenorbit.qa.util.TestUtil.switchToFrame(TestUtil.java:23)
	at com.greenorbit.qa.util.TestUtil.switchToFrame(TestUtil.java:23)
	at com.greenorbit.qa.util.TestUtil.switchToFrame(TestUtil.java:23)
	at com.greenorbit.qa.util.TestUtil.switchToFrame(TestUtil.java:23)
	at com.greenorbit.qa.util.TestUtil.switchToFrame(TestUtil.java:23)
	at com.greenorbit.qa.util.TestUtil.switchToFrame(TestUtil.java:23)
	at com.greenorbit.qa.util.TestUtil.switchToFrame(TestUtil.java:23)
	at com.greenorbit.qa.util.TestUtil.switchToFrame(TestUtil.java:23)
	at com.greenorbit.qa.util.TestUtil.switchToFrame(TestUtil.java:23)
	at com.greenorbit.qa.util.TestUtil.switchToFrame(TestUtil.java:23)
	at com.greenorbit.qa.util.TestUtil.switchToFrame(TestUtil.java:23)
	at com.greenorbit.qa.util.TestUtil.switchToFrame(TestUtil.java:23)
	at com.greenorbit.qa.util.TestUtil.switchToFrame(TestUtil.java:23)
	at com.greenorbit.qa.util.TestUtil.switchToFrame(TestUtil.java:23)
	at com.greenorbit.qa.util.TestUtil.switchToFrame(TestUtil.java:23)
	at com.greenorbit.qa.util.TestUtil.switchToFrame(TestUtil.java:23)
	at com.greenorbit.qa.util.TestUtil.switchToFrame(TestUtil.java:23)
	at com.greenorbit.qa.util.TestUtil.switchToFrame(TestUtil.java:23)
	at com.greenorbit.qa.util.TestUtil.switchToFrame(TestUtil.java:23)
	at com.greenorbit.qa.util.TestUtil.switchToFrame(TestUtil.java:23)
	at com.greenorbit.qa.util.TestUtil.switchToFrame(TestUtil.java:23)
	at com.greenorbit.qa.util.TestUtil.switchToFrame(TestUtil.java:23)
	at com.greenorbit.qa.util.TestUtil.switchToFrame(TestUtil.java:23)
	at com.greenorbit.qa.util.TestUtil.switchToFrame(TestUtil.java:23)
	at com.greenorbit.qa.util.TestUtil.switchToFrame(TestUtil.java:23)
	at com.greenorbit.qa.util.TestUtil.switchToFrame(TestUtil.java:23)
	at com.greenorbit.qa.util.TestUtil.switchToFrame(TestUtil.java:23)
	at com.greenorbit.qa.util.TestUtil.switchToFrame(TestUtil.java:23)
	at com.greenorbit.qa.util.TestUtil.switchToFrame(TestUtil.java:23)
	at com.greenorbit.qa.util.TestUtil.switchToFrame(TestUtil.java:23)
	at com.greenorbit.qa.util.TestUtil.switchToFrame(TestUtil.java:23)
	at com.greenorbit.qa.util.TestUtil.switchToFrame(TestUtil.java:23)
	at com.greenorbit.qa.util.TestUtil.switchToFrame(TestUtil.java:23)
	at com.greenorbit.qa.util.TestUtil.switchToFrame(TestUtil.java:23)
	at com.greenorbit.qa.util.TestUtil.switchToFrame(TestUtil.java:23)
	at com.greenorbit.qa.util.TestUtil.switchToFrame(TestUtil.java:23)
	at com.greenorbit.qa.util.TestUtil.switchToFrame(TestUtil.java:23)
	at com.greenorbit.qa.util.TestUtil.switchToFrame(TestUtil.java:23)
	at com.greenorbit.qa.util.TestUtil.switchToFrame(TestUtil.java:23)
	at com.greenorbit.qa.util.TestUtil.switchToFrame(TestUtil.java:23)
	at com.greenorbit.qa.util.TestUtil.switchToFrame(TestUtil.java:23)
	at com.greenorbit.qa.util.TestUtil.switchToFrame(TestUtil.java:23)
	at com.greenorbit.qa.util.TestUtil.switchToFrame(TestUtil.java:23)
	at com.greenorbit.qa.util.TestUtil.switchToFrame(TestUtil.java:23)
	at com.greenorbit.qa.util.TestUtil.switchToFrame(TestUtil.java:23)
	at com.greenorbit.qa.util.TestUtil.switchToFrame(TestUtil.java:23)
	at com.greenorbit.qa.util.TestUtil.switchToFrame(TestUtil.java:23)
	at com.greenorbit.qa.util.TestUtil.switchToFrame(TestUtil.java:23)
	at com.greenorbit.qa.util.TestUtil.switchToFrame(TestUtil.java:23)
	at com.greenorbit.qa.util.TestUtil.switchToFrame(TestUtil.java:23)
	at com.greenorbit.qa.util.TestUtil.switchToFrame(TestUtil.java:23)
	at com.greenorbit.qa.util.TestUtil.switchToFrame(TestUtil.java:23)
	at com.greenorbit.qa.util.TestUtil.switchToFrame(TestUtil.java:23)
	at com.greenorbit.qa.util.TestUtil.switchToFrame(TestUtil.java:23)
	at com.greenorbit.qa.util.TestUtil.switchToFrame(TestUtil.java:23)
	at com.greenorbit.qa.util.TestUtil.switchToFrame(TestUtil.java:23)
	at com.greenorbit.qa.util.TestUtil.switchToFrame(TestUtil.java:23)
	at com.greenorbit.qa.util.TestUtil.switchToFrame(TestUtil.java:23)
	at com.greenorbit.qa.util.TestUtil.switchToFrame(TestUtil.java:23)
	at com.greenorbit.qa.util.TestUtil.switchToFrame(TestUtil.java:23)
	at com.greenorbit.qa.util.TestUtil.switchToFrame(TestUtil.java:23)
	at com.greenorbit.qa.util.TestUtil.switchToFrame(TestUtil.java:23)
	at com.greenorbit.qa.util.TestUtil.switchToFrame(TestUtil.java:23)
	at com.greenorbit.qa.util.TestUtil.switchToFrame(TestUtil.java:23)
	at com.greenorbit.qa.util.TestUtil.switchToFrame(TestUtil.java:23)
	at com.greenorbit.qa.util.TestUtil.switchToFrame(TestUtil.java:23)
	at com.greenorbit.qa.util.TestUtil.switchToFrame(TestUtil.java:23)
	at com.greenorbit.qa.util.TestUtil.switchToFrame(TestUtil.java:23)
	at com.greenorbit.qa.util.TestUtil.switchToFrame(TestUtil.java:23)
	at com.greenorbit.qa.util.TestUtil.switchToFrame(TestUtil.java:23)
	at com.greenorbit.qa.util.TestUtil.switchToFrame(TestUtil.java:23)
	at com.greenorbit.qa.util.TestUtil.switchToFrame(TestUtil.java:23)
	at com.greenorbit.qa.util.TestUtil.switchToFrame(TestUtil.java:23)
	at com.greenorbit.qa.util.TestUtil.switchToFrame(TestUtil.java:23)
	at com.greenorbit.qa.util.TestUtil.switchToFrame(TestUtil.java:23)
	at com.greenorbit.qa.util.TestUtil.switchToFrame(TestUtil.java:23)
	at com.greenorbit.qa.util.TestUtil.switchToFrame(TestUtil.java:23)
	at com.greenorbit.qa.util.TestUtil.switchToFrame(TestUtil.java:23)
	at com.greenorbit.qa.util.TestUtil.switchToFrame(TestUtil.java:23)
	at com.greenorbit.qa.util.TestUtil.switchToFrame(TestUtil.java:23)
	at com.greenorbit.qa.util.TestUtil.switchToFrame(TestUtil.java:23)
	at com.greenorbit.qa.util.TestUtil.switchToFrame(TestUtil.java:23)
	at com.greenorbit.qa.util.TestUtil.switchToFrame(TestUtil.java:23)
	at com.greenorbit.qa.util.TestUtil.switchToFrame(TestUtil.java:23)
	at com.greenorbit.qa.util.TestUtil.switchToFrame(TestUtil.java:23)
	at com.greenorbit.qa.util.TestUtil.switchToFrame(TestUtil.java:23)
	at com.greenorbit.qa.util.TestUtil.switchToFrame(TestUtil.java:23)
	at com.greenorbit.qa.util.TestUtil.switchToFrame(TestUtil.java:23)
	at com.greenorbit.qa.util.TestUtil.switchToFrame(TestUtil.java:23)
	at com.greenorbit.qa.util.TestUtil.switchToFrame(TestUtil.java:23)
	at com.greenorbit.qa.util.TestUtil.switchToFrame(TestUtil.java:23)
	at com.greenorbit.qa.util.TestUtil.switchToFrame(TestUtil.java:23)
	at com.greenorbit.qa.util.TestUtil.switchToFrame(TestUtil.java:23)
	at com.greenorbit.qa.util.TestUtil.switchToFrame(TestUtil.java:23)
	at com.greenorbit.qa.util.TestUtil.switchToFrame(TestUtil.java:23)
	at com.greenorbit.qa.util.TestUtil.switchToFrame(TestUtil.java:23)
	at com.greenorbit.qa.util.TestUtil.switchToFrame(TestUtil.java:23)
	at com.greenorbit.qa.util.TestUtil.switchToFrame(TestUtil.java:23)
	at com.greenorbit.qa.util.TestUtil.switchToFrame(TestUtil.java:23)
	at com.greenorbit.qa.util.TestUtil.switchToFrame(TestUtil.java:23)
	at com.greenorbit.qa.util.TestUtil.switchToFrame(TestUtil.java:23)
	at com.greenorbit.qa.util.TestUtil.switchToFrame(TestUtil.java:23)
	at com.greenorbit.qa.util.TestUtil.switchToFrame(TestUtil.java:23)
	at com.greenorbit.qa.util.TestUtil.switchToFrame(TestUtil.java:23)
	at com.greenorbit.qa.util.TestUtil.switchToFrame(TestUtil.java:23)
	at com.greenorbit.qa.util.TestUtil.switchToFrame(TestUtil.java:23)
	at com.greenorbit.qa.util.TestUtil.switchToFrame(TestUtil.java:23)
	at com.greenorbit.qa.util.TestUtil.switchToFrame(TestUtil.java:23)
	at com.greenorbit.qa.util.TestUtil.switchToFrame(TestUtil.java:23)
	at com.greenorbit.qa.util.TestUtil.switchToFrame(TestUtil.java:23)
	at com.greenorbit.qa.util.TestUtil.switchToFrame(TestUtil.java:23)
	at com.greenorbit.qa.util.TestUtil.switchToFrame(TestUtil.java:23)
	at com.greenorbit.qa.util.TestUtil.switchToFrame(TestUtil.java:23)
	at com.greenorbit.qa.util.TestUtil.switchToFrame(TestUtil.java:23)
	at com.greenorbit.qa.util.TestUtil.switchToFrame(TestUtil.java:23)
	at com.greenorbit.qa.util.TestUtil.switchToFrame(TestUtil.java:23)
	at com.greenorbit.qa.util.TestUtil.switchToFrame(TestUtil.java:23)
	at com.greenorbit.qa.util.TestUtil.switchToFrame(TestUtil.java:23)
	at com.greenorbit.qa.util.TestUtil.switchToFrame(TestUtil.java:23)
	at com.greenorbit.qa.util.TestUtil.switchToFrame(TestUtil.java:23)
	at com.greenorbit.qa.util.TestUtil.switchToFrame(TestUtil.java:23)
	at com.greenorbit.qa.util.TestUtil.switchToFrame(TestUtil.java:23)
	at com.greenorbit.qa.util.TestUtil.switchToFrame(TestUtil.java:23)
	at com.greenorbit.qa.util.TestUtil.switchToFrame(TestUtil.java:23)
	at com.greenorbit.qa.util.TestUtil.switchToFrame(TestUtil.java:23)
	at com.greenorbit.qa.util.TestUtil.switchToFrame(TestUtil.java:23)
	at com.greenorbit.qa.util.TestUtil.switchToFrame(TestUtil.java:23)
	at com.greenorbit.qa.util.TestUtil.switchToFrame(TestUtil.java:23)
	at com.greenorbit.qa.util.TestUtil.switchToFrame(TestUtil.java:23)
	at com.greenorbit.qa.util.TestUtil.switchToFrame(TestUtil.java:23)
	at com.greenorbit.qa.util.TestUtil.switchToFrame(TestUtil.java:23)
	at com.greenorbit.qa.util.TestUtil.switchToFrame(TestUtil.java:23)
	at com.greenorbit.qa.util.TestUtil.switchToFrame(TestUtil.java:23)
	at com.greenorbit.qa.util.TestUtil.switchToFrame(TestUtil.java:23)
	at com.greenorbit.qa.util.TestUtil.switchToFrame(TestUtil.java:23)
	at com.greenorbit.qa.util.TestUtil.switchToFrame(TestUtil.java:23)
	at com.greenorbit.qa.util.TestUtil.switchToFrame(TestUtil.java:23)
	at com.greenorbit.qa.util.TestUtil.switchToFrame(TestUtil.java:23)
	at com.greenorbit.qa.util.TestUtil.switchToFrame(TestUtil.java:23)
	at com.greenorbit.qa.util.TestUtil.switchToFrame(TestUtil.java:23)
	at com.greenorbit.qa.util.TestUtil.switchToFrame(TestUtil.java:23)
	at com.greenorbit.qa.util.TestUtil.switchToFrame(TestUtil.java:23)
	at com.greenorbit.qa.util.TestUtil.switchToFrame(TestUtil.java:23)
	at com.greenorbit.qa.util.TestUtil.switchToFrame(TestUtil.java:23)
	at com.greenorbit.qa.util.TestUtil.switchToFrame(TestUtil.java:23)
	at com.greenorbit.qa.util.TestUtil.switchToFrame(TestUtil.java:23)
	at com.greenorbit.qa.util.TestUtil.switchToFrame(TestUtil.java:23)
	at com.greenorbit.qa.util.TestUtil.switchToFrame(TestUtil.java:23)
	at com.greenorbit.qa.util.TestUtil.switchToFrame(TestUtil.java:23)
	at com.greenorbit.qa.util.TestUtil.switchToFrame(TestUtil.java:23)
	at com.greenorbit.qa.util.TestUtil.switchToFrame(TestUtil.java:23)
	at com.greenorbit.qa.util.TestUtil.switchToFrame(TestUtil.java:23)
	at com.greenorbit.qa.util.TestUtil.switchToFrame(TestUtil.java:23)
	at com.greenorbit.qa.util.TestUtil.switchToFrame(TestUtil.java:23)
	at com.greenorbit.qa.util.TestUtil.switchToFrame(TestUtil.java:23)
	at com.greenorbit.qa.util.TestUtil.switchToFrame(TestUtil.java:23)
	at com.greenorbit.qa.util.TestUtil.switchToFrame(TestUtil.java:23)
	at com.greenorbit.qa.util.TestUtil.switchToFrame(TestUtil.java:23)
	at com.greenorbit.qa.util.TestUtil.switchToFrame(TestUtil.java:23)
	at com.greenorbit.qa.util.TestUtil.switchToFrame(TestUtil.java:23)
	at com.greenorbit.qa.util.TestUtil.switchToFrame(TestUtil.java:23)
	at com.greenorbit.qa.util.TestUtil.switchToFrame(TestUtil.java:23)
	at com.greenorbit.qa.util.TestUtil.switchToFrame(TestUtil.java:23)
	at com.greenorbit.qa.util.TestUtil.switchToFrame(TestUtil.java:23)
	at com.greenorbit.qa.util.TestUtil.switchToFrame(TestUtil.java:23)
	at com.greenorbit.qa.util.TestUtil.switchToFrame(TestUtil.java:23)
	at com.greenorbit.qa.util.TestUtil.switchToFrame(TestUtil.java:23)
	at com.greenorbit.qa.util.TestUtil.switchToFrame(TestUtil.java:23)
	at com.greenorbit.qa.util.TestUtil.switchToFrame(TestUtil.java:23)
	at com.greenorbit.qa.util.TestUtil.switchToFrame(TestUtil.java:23)
	at com.greenorbit.qa.util.TestUtil.switchToFrame(TestUtil.java:23)
	at com.greenorbit.qa.util.TestUtil.switchToFrame(TestUtil.java:23)
	at com.greenorbit.qa.util.TestUtil.switchToFrame(TestUtil.java:23)
	at com.greenorbit.qa.util.TestUtil.switchToFrame(TestUtil.java:23)
	at com.greenorbit.qa.util.TestUtil.switchToFrame(TestUtil.java:23)
	at com.greenorbit.qa.util.TestUtil.switchToFrame(TestUtil.java:23)
	at com.greenorbit.qa.util.TestUtil.switchToFrame(TestUtil.java:23)
	at com.greenorbit.qa.util.TestUtil.switchToFrame(TestUtil.java:23)
	at com.greenorbit.qa.util.TestUtil.switchToFrame(TestUtil.java:23)
	at com.greenorbit.qa.util.TestUtil.switchToFrame(TestUtil.java:23)
	at com.greenorbit.qa.util.TestUtil.switchToFrame(TestUtil.java:23)
	at com.greenorbit.qa.util.TestUtil.switchToFrame(TestUtil.java:23)
	at com.greenorbit.qa.util.TestUtil.switchToFrame(TestUtil.java:23)
	at com.greenorbit.qa.util.TestUtil.switchToFrame(TestUtil.java:23)
	at com.greenorbit.qa.util.TestUtil.switchToFrame(TestUtil.java:23)
	at com.greenorbit.qa.util.TestUtil.switchToFrame(TestUtil.java:23)
	at com.greenorbit.qa.util.TestUtil.switchToFrame(TestUtil.java:23)
	at com.greenorbit.qa.util.TestUtil.switchToFrame(TestUtil.java:23)
	at com.greenorbit.qa.util.TestUtil.switchToFrame(TestUtil.java:23)
	at com.greenorbit.qa.util.TestUtil.switchToFrame(TestUtil.java:23)
	at com.greenorbit.qa.util.TestUtil.switchToFrame(TestUtil.java:23)
	at com.greenorbit.qa.util.TestUtil.switchToFrame(TestUtil.java:23)
	at com.greenorbit.qa.util.TestUtil.switchToFrame(TestUtil.java:23)
	at com.greenorbit.qa.util.TestUtil.switchToFrame(TestUtil.java:23)
	at com.greenorbit.qa.util.TestUtil.switchToFrame(TestUtil.java:23)
	at com.greenorbit.qa.util.TestUtil.switchToFrame(TestUtil.java:23)
	at com.greenorbit.qa.util.TestUtil.switchToFrame(TestUtil.java:23)
	at com.greenorbit.qa.util.TestUtil.switchToFrame(TestUtil.java:23)
	at com.greenorbit.qa.util.TestUtil.switchToFrame(TestUtil.java:23)
	at com.greenorbit.qa.util.TestUtil.switchToFrame(TestUtil.java:23)
	at com.greenorbit.qa.util.TestUtil.switchToFrame(TestUtil.java:23)
	at com.greenorbit.qa.util.TestUtil.switchToFrame(TestUtil.java:23)
	at com.greenorbit.qa.util.TestUtil.switchToFrame(TestUtil.java:23)
	at com.greenorbit.qa.util.TestUtil.switchToFrame(TestUtil.java:23)
	at com.greenorbit.qa.util.TestUtil.switchToFrame(TestUtil.java:23)
	at com.greenorbit.qa.util.TestUtil.switchToFrame(TestUtil.java:23)
	at com.greenorbit.qa.util.TestUtil.switchToFrame(TestUtil.java:23)
	at com.greenorbit.qa.util.TestUtil.switchToFrame(TestUtil.java:23)
	at com.greenorbit.qa.util.TestUtil.switchToFrame(TestUtil.java:23)
	at com.greenorbit.qa.util.TestUtil.switchToFrame(TestUtil.java:23)
	at com.greenorbit.qa.util.TestUtil.switchToFrame(TestUtil.java:23)
	at com.greenorbit.qa.util.TestUtil.switchToFrame(TestUtil.java:23)
	at com.greenorbit.qa.util.TestUtil.switchToFrame(TestUtil.java:23)
	at com.greenorbit.qa.util.TestUtil.switchToFrame(TestUtil.java:23)
	at com.greenorbit.qa.util.TestUtil.switchToFrame(TestUtil.java:23)
	at com.greenorbit.qa.util.TestUtil.switchToFrame(TestUtil.java:23)
	at com.greenorbit.qa.util.TestUtil.switchToFrame(TestUtil.java:23)
	at com.greenorbit.qa.util.TestUtil.switchToFrame(TestUtil.java:23)
	at com.greenorbit.qa.util.TestUtil.switchToFrame(TestUtil.java:23)
	at com.greenorbit.qa.util.TestUtil.switchToFrame(TestUtil.java:23)
	at com.greenorbit.qa.util.TestUtil.switchToFrame(TestUtil.java:23)
	at com.greenorbit.qa.util.TestUtil.switchToFrame(TestUtil.java:23)
	at com.greenorbit.qa.util.TestUtil.switchToFrame(TestUtil.java:23)
	at com.greenorbit.qa.util.TestUtil.switchToFrame(TestUtil.java:23)
	at com.greenorbit.qa.util.TestUtil.switchToFrame(TestUtil.java:23)
	at com.greenorbit.qa.util.TestUtil.switchToFrame(TestUtil.java:23)
	at com.greenorbit.qa.util.TestUtil.switchToFrame(TestUtil.java:23)
	at com.greenorbit.qa.util.TestUtil.switchToFrame(TestUtil.java:23)
	at com.greenorbit.qa.util.TestUtil.switchToFrame(TestUtil.java:23)
	at com.greenorbit.qa.util.TestUtil.switchToFrame(TestUtil.java:23)
	at com.greenorbit.qa.util.TestUtil.switchToFrame(TestUtil.java:23)
	at com.greenorbit.qa.util.TestUtil.switchToFrame(TestUtil.java:23)
	at com.greenorbit.qa.util.TestUtil.switchToFrame(TestUtil.java:23)
	at com.greenorbit.qa.util.TestUtil.switchToFrame(TestUtil.java:23)
	at com.greenorbit.qa.util.TestUtil.switchToFrame(TestUtil.java:23)
	at com.greenorbit.qa.util.TestUtil.switchToFrame(TestUtil.java:23)
	at com.greenorbit.qa.util.TestUtil.switchToFrame(TestUtil.java:23)
	at com.greenorbit.qa.util.TestUtil.switchToFrame(TestUtil.java:23)
	at com.greenorbit.qa.util.TestUtil.switchToFrame(TestUtil.java:23)
	at com.greenorbit.qa.util.TestUtil.switchToFrame(TestUtil.java:23)
	at com.greenorbit.qa.util.TestUtil.switchToFrame(TestUtil.java:23)
	at com.greenorbit.qa.util.TestUtil.switchToFrame(TestUtil.java:23)
	at com.greenorbit.qa.util.TestUtil.switchToFrame(TestUtil.java:23)
	at com.greenorbit.qa.util.TestUtil.switchToFrame(TestUtil.java:23)
	at com.greenorbit.qa.util.TestUtil.switchToFrame(TestUtil.java:23)
	at com.greenorbit.qa.util.TestUtil.switchToFrame(TestUtil.java:23)
	at com.greenorbit.qa.util.TestUtil.switchToFrame(TestUtil.java:23)
	at com.greenorbit.qa.util.TestUtil.switchToFrame(TestUtil.java:23)
	at com.greenorbit.qa.util.TestUtil.switchToFrame(TestUtil.java:23)
	at com.greenorbit.qa.util.TestUtil.switchToFrame(TestUtil.java:23)
	at com.greenorbit.qa.util.TestUtil.switchToFrame(TestUtil.java:23)
	at com.greenorbit.qa.util.TestUtil.switchToFrame(TestUtil.java:23)
	at com.greenorbit.qa.util.TestUtil.switchToFrame(TestUtil.java:23)
	at com.greenorbit.qa.util.TestUtil.switchToFrame(TestUtil.java:23)
	at com.greenorbit.qa.util.TestUtil.switchToFrame(TestUtil.java:23)
	at com.greenorbit.qa.util.TestUtil.switchToFrame(TestUtil.java:23)
	at com.greenorbit.qa.util.TestUtil.switchToFrame(TestUtil.java:23)
	at com.greenorbit.qa.util.TestUtil.switchToFrame(TestUtil.java:23)
	at com.greenorbit.qa.util.TestUtil.switchToFrame(TestUtil.java:23)
	at com.greenorbit.qa.util.TestUtil.switchToFrame(TestUtil.java:23)
	at com.greenorbit.qa.util.TestUtil.switchToFrame(TestUtil.java:23)
	at com.greenorbit.qa.util.TestUtil.switchToFrame(TestUtil.java:23)
	at com.greenorbit.qa.util.TestUtil.switchToFrame(TestUtil.java:23)
	at com.greenorbit.qa.util.TestUtil.switchToFrame(TestUtil.java:23)
	at com.greenorbit.qa.util.TestUtil.switchToFrame(TestUtil.java:23)
	at com.greenorbit.qa.util.TestUtil.switchToFrame(TestUtil.java:23)
	at com.greenorbit.qa.util.TestUtil.switchToFrame(TestUtil.java:23)
	at com.greenorbit.qa.util.TestUtil.switchToFrame(TestUtil.java:23)
	at com.greenorbit.qa.util.TestUtil.switchToFrame(TestUtil.java:23)
	at com.greenorbit.qa.util.TestUtil.switchToFrame(TestUtil.java:23)
	at com.greenorbit.qa.util.TestUtil.switchToFrame(TestUtil.java:23)
	at com.greenorbit.qa.util.TestUtil.switchToFrame(TestUtil.java:23)
	at com.greenorbit.qa.util.TestUtil.switchToFrame(TestUtil.java:23)
	at com.greenorbit.qa.util.TestUtil.switchToFrame(TestUtil.java:23)
	at com.greenorbit.qa.util.TestUtil.switchToFrame(TestUtil.java:23)
	at com.greenorbit.qa.util.TestUtil.switchToFrame(TestUtil.java:23)
	at com.greenorbit.qa.util.TestUtil.switchToFrame(TestUtil.java:23)
	at com.greenorbit.qa.util.TestUtil.switchToFrame(TestUtil.java:23)
	at com.greenorbit.qa.util.TestUtil.switchToFrame(TestUtil.java:23)
	at com.greenorbit.qa.util.TestUtil.switchToFrame(TestUtil.java:23)
	at com.greenorbit.qa.util.TestUtil.switchToFrame(TestUtil.java:23)
	at com.greenorbit.qa.util.TestUtil.switchToFrame(TestUtil.java:23)
	at com.greenorbit.qa.util.TestUtil.switchToFrame(TestUtil.java:23)
	at com.greenorbit.qa.util.TestUtil.switchToFrame(TestUtil.java:23)
	at com.greenorbit.qa.util.TestUtil.switchToFrame(TestUtil.java:23)
	at com.greenorbit.qa.util.TestUtil.switchToFrame(TestUtil.java:23)
	at com.greenorbit.qa.util.TestUtil.switchToFrame(TestUtil.java:23)
	at com.greenorbit.qa.util.TestUtil.switchToFrame(TestUtil.java:23)
	at com.greenorbit.qa.util.TestUtil.switchToFrame(TestUtil.java:23)
	at com.greenorbit.qa.util.TestUtil.switchToFrame(TestUtil.java:23)
	at com.greenorbit.qa.util.TestUtil.switchToFrame(TestUtil.java:23)
	at com.greenorbit.qa.util.TestUtil.switchToFrame(TestUtil.java:23)
	at com.greenorbit.qa.util.TestUtil.switchToFrame(TestUtil.java:23)
	at com.greenorbit.qa.util.TestUtil.switchToFrame(TestUtil.java:23)
	at com.greenorbit.qa.util.TestUtil.switchToFrame(TestUtil.java:23)
	at com.greenorbit.qa.util.TestUtil.switchToFrame(TestUtil.java:23)
	at com.greenorbit.qa.util.TestUtil.switchToFrame(TestUtil.java:23)
	at com.greenorbit.qa.util.TestUtil.switchToFrame(TestUtil.java:23)
	at com.greenorbit.qa.util.TestUtil.switchToFrame(TestUtil.java:23)
	at com.greenorbit.qa.util.TestUtil.switchToFrame(TestUtil.java:23)
	at com.greenorbit.qa.util.TestUtil.switchToFrame(TestUtil.java:23)
	at com.greenorbit.qa.util.TestUtil.switchToFrame(TestUtil.java:23)
	at com.greenorbit.qa.util.TestUtil.switchToFrame(TestUtil.java:23)
	at com.greenorbit.qa.util.TestUtil.switchToFrame(TestUtil.java:23)
	at com.greenorbit.qa.util.TestUtil.switchToFrame(TestUtil.java:23)
	at com.greenorbit.qa.util.TestUtil.switchToFrame(TestUtil.java:23)
	at com.greenorbit.qa.util.TestUtil.switchToFrame(TestUtil.java:23)
	at com.greenorbit.qa.util.TestUtil.switchToFrame(TestUtil.java:23)
	at com.greenorbit.qa.util.TestUtil.switchToFrame(TestUtil.java:23)
	at com.greenorbit.qa.util.TestUtil.switchToFrame(TestUtil.java:23)
	at com.greenorbit.qa.util.TestUtil.switchToFrame(TestUtil.java:23)
	at com.greenorbit.qa.util.TestUtil.switchToFrame(TestUtil.java:23)
	at com.greenorbit.qa.util.TestUtil.switchToFrame(TestUtil.java:23)
	at com.greenorbit.qa.util.TestUtil.switchToFrame(TestUtil.java:23)
	at com.greenorbit.qa.util.TestUtil.switchToFrame(TestUtil.java:23)
	at com.greenorbit.qa.util.TestUtil.switchToFrame(TestUtil.java:23)
	at com.greenorbit.qa.util.TestUtil.switchToFrame(TestUtil.java:23)
	at com.greenorbit.qa.util.TestUtil.switchToFrame(TestUtil.java:23)
	at com.greenorbit.qa.util.TestUtil.switchToFrame(TestUtil.java:23)
	at com.greenorbit.qa.util.TestUtil.switchToFrame(TestUtil.java:23)
	at com.greenorbit.qa.util.TestUtil.switchToFrame(TestUtil.java:23)
	at com.greenorbit.qa.util.TestUtil.switchToFrame(TestUtil.java:23)
	at com.greenorbit.qa.util.TestUtil.switchToFrame(TestUtil.java:23)
	at com.greenorbit.qa.util.TestUtil.switchToFrame(TestUtil.java:23)
	at com.greenorbit.qa.util.TestUtil.switchToFrame(TestUtil.java:23)
	at com.greenorbit.qa.util.TestUtil.switchToFrame(TestUtil.java:23)
	at com.greenorbit.qa.util.TestUtil.switchToFrame(TestUtil.java:23)
	at com.greenorbit.qa.util.TestUtil.switchToFrame(TestUtil.java:23)
	at com.greenorbit.qa.util.TestUtil.switchToFrame(TestUtil.java:23)
	at com.greenorbit.qa.util.TestUtil.switchToFrame(TestUtil.java:23)
	at com.greenorbit.qa.util.TestUtil.switchToFrame(TestUtil.java:23)
	at com.greenorbit.qa.util.TestUtil.switchToFrame(TestUtil.java:23)
	at com.greenorbit.qa.util.TestUtil.switchToFrame(TestUtil.java:23)
	at com.greenorbit.qa.util.TestUtil.switchToFrame(TestUtil.java:23)
	at com.greenorbit.qa.util.TestUtil.switchToFrame(TestUtil.java:23)
	at com.greenorbit.qa.util.TestUtil.switchToFrame(TestUtil.java:23)
	at com.greenorbit.qa.util.TestUtil.switchToFrame(TestUtil.java:23)
	at com.greenorbit.qa.util.TestUtil.switchToFrame(TestUtil.java:23)
	at com.greenorbit.qa.util.TestUtil.switchToFrame(TestUtil.java:23)
	at com.greenorbit.qa.util.TestUtil.switchToFrame(TestUtil.java:23)
	at com.greenorbit.qa.util.TestUtil.switchToFrame(TestUtil.java:23)
	at com.greenorbit.qa.util.TestUtil.switchToFrame(TestUtil.java:23)
	at com.greenorbit.qa.util.TestUtil.switchToFrame(TestUtil.java:23)
	at com.greenorbit.qa.util.TestUtil.switchToFrame(TestUtil.java:23)
	at com.greenorbit.qa.util.TestUtil.switchToFrame(TestUtil.java:23)
	at com.greenorbit.qa.util.TestUtil.switchToFrame(TestUtil.java:23)
	at com.greenorbit.qa.util.TestUtil.switchToFrame(TestUtil.java:23)
	at com.greenorbit.qa.util.TestUtil.switchToFrame(TestUtil.java:23)
	at com.greenorbit.qa.util.TestUtil.switchToFrame(TestUtil.java:23)
	at com.greenorbit.qa.util.TestUtil.switchToFrame(TestUtil.java:23)
	at com.greenorbit.qa.util.TestUtil.switchToFrame(TestUtil.java:23)
	at com.greenorbit.qa.util.TestUtil.switchToFrame(TestUtil.java:23)
	at com.greenorbit.qa.util.TestUtil.switchToFrame(TestUtil.java:23)
	at com.greenorbit.qa.util.TestUtil.switchToFrame(TestUtil.java:23)
	at com.greenorbit.qa.util.TestUtil.switchToFrame(TestUtil.java:23)
	at com.greenorbit.qa.util.TestUtil.switchToFrame(TestUtil.java:23)
	at com.greenorbit.qa.util.TestUtil.switchToFrame(TestUtil.java:23)
	at com.greenorbit.qa.util.TestUtil.switchToFrame(TestUtil.java:23)
	at com.greenorbit.qa.util.TestUtil.switchToFrame(TestUtil.java:23)
	at com.greenorbit.qa.util.TestUtil.switchToFrame(TestUtil.java:23)
	at com.greenorbit.qa.util.TestUtil.switchToFrame(TestUtil.java:23)
	at com.greenorbit.qa.util.TestUtil.switchToFrame(TestUtil.java:23)
	at com.greenorbit.qa.util.TestUtil.switchToFrame(TestUtil.java:23)
	at com.greenorbit.qa.util.TestUtil.switchToFrame(TestUtil.java:23)
	at com.greenorbit.qa.util.TestUtil.switchToFrame(TestUtil.java:23)
	at com.greenorbit.qa.util.TestUtil.switchToFrame(TestUtil.java:23)
	at com.greenorbit.qa.util.TestUtil.switchToFrame(TestUtil.java:23)
	at com.greenorbit.qa.util.TestUtil.switchToFrame(TestUtil.java:23)
	at com.greenorbit.qa.util.TestUtil.switchToFrame(TestUtil.java:23)
	at com.greenorbit.qa.util.TestUtil.switchToFrame(TestUtil.java:23)
	at com.greenorbit.qa.util.TestUtil.switchToFrame(TestUtil.java:23)
	at com.greenorbit.qa.util.TestUtil.switchToFrame(TestUtil.java:23)
	at com.greenorbit.qa.util.TestUtil.switchToFrame(TestUtil.java:23)
	at com.greenorbit.qa.util.TestUtil.switchToFrame(TestUtil.java:23)
	at com.greenorbit.qa.util.TestUtil.switchToFrame(TestUtil.java:23)
	at com.greenorbit.qa.util.TestUtil.switchToFrame(TestUtil.java:23)
	at com.greenorbit.qa.util.TestUtil.switchToFrame(TestUtil.java:23)
	at com.greenorbit.qa.util.TestUtil.switchToFrame(TestUtil.java:23)
	at com.greenorbit.qa.util.TestUtil.switchToFrame(TestUtil.java:23)
	at com.greenorbit.qa.util.TestUtil.switchToFrame(TestUtil.java:23)
	at com.greenorbit.qa.util.TestUtil.switchToFrame(TestUtil.java:23)
	at com.greenorbit.qa.util.TestUtil.switchToFrame(TestUtil.java:23)
	at com.greenorbit.qa.util.TestUtil.switchToFrame(TestUtil.java:23)
	at com.greenorbit.qa.util.TestUtil.switchToFrame(TestUtil.java:23)
	at com.greenorbit.qa.util.TestUtil.switchToFrame(TestUtil.java:23)
	at com.greenorbit.qa.util.TestUtil.switchToFrame(TestUtil.java:23)
	at com.greenorbit.qa.util.TestUtil.switchToFrame(TestUtil.java:23)
	at com.greenorbit.qa.util.TestUtil.switchToFrame(TestUtil.java:23)
	at com.greenorbit.qa.util.TestUtil.switchToFrame(TestUtil.java:23)
	at com.greenorbit.qa.util.TestUtil.switchToFrame(TestUtil.java:23)
	at com.greenorbit.qa.util.TestUtil.switchToFrame(TestUtil.java:23)
	at com.greenorbit.qa.util.TestUtil.switchToFrame(TestUtil.java:23)
	at com.greenorbit.qa.util.TestUtil.switchToFrame(TestUtil.java:23)
	at com.greenorbit.qa.util.TestUtil.switchToFrame(TestUtil.java:23)
	at com.greenorbit.qa.util.TestUtil.switchToFrame(TestUtil.java:23)
	at com.greenorbit.qa.util.TestUtil.switchToFrame(TestUtil.java:23)
	at com.greenorbit.qa.util.TestUtil.switchToFrame(TestUtil.java:23)
	at com.greenorbit.qa.util.TestUtil.switchToFrame(TestUtil.java:23)
	at com.greenorbit.qa.util.TestUtil.switchToFrame(TestUtil.java:23)
	at com.greenorbit.qa.util.TestUtil.switchToFrame(TestUtil.java:23)
	at com.greenorbit.qa.util.TestUtil.switchToFrame(TestUtil.java:23)
	at com.greenorbit.qa.util.TestUtil.switchToFrame(TestUtil.java:23)
	at com.greenorbit.qa.util.TestUtil.switchToFrame(TestUtil.java:23)
	at com.greenorbit.qa.util.TestUtil.switchToFrame(TestUtil.java:23)
	at com.greenorbit.qa.util.TestUtil.switchToFrame(TestUtil.java:23)
	at com.greenorbit.qa.util.TestUtil.switchToFrame(TestUtil.java:23)
	at com.greenorbit.qa.util.TestUtil.switchToFrame(TestUtil.java:23)
	at com.greenorbit.qa.util.TestUtil.switchToFrame(TestUtil.java:23)
	at com.greenorbit.qa.util.TestUtil.switchToFrame(TestUtil.java:23)
	at com.greenorbit.qa.util.TestUtil.switchToFrame(TestUtil.java:23)
	at com.greenorbit.qa.util.TestUtil.switchToFrame(TestUtil.java:23)
	at com.greenorbit.qa.util.TestUtil.switchToFrame(TestUtil.java:23)
	at com.greenorbit.qa.util.TestUtil.switchToFrame(TestUtil.java:23)
	at com.greenorbit.qa.util.TestUtil.switchToFrame(TestUtil.java:23)
	at com.greenorbit.qa.util.TestUtil.switchToFrame(TestUtil.java:23)
	at com.greenorbit.qa.util.TestUtil.switchToFrame(TestUtil.java:23)
	at com.greenorbit.qa.util.TestUtil.switchToFrame(TestUtil.java:23)
	at com.greenorbit.qa.util.TestUtil.switchToFrame(TestUtil.java:23)
	at com.greenorbit.qa.util.TestUtil.switchToFrame(TestUtil.java:23)
	at com.greenorbit.qa.util.TestUtil.switchToFrame(TestUtil.java:23)
	at com.greenorbit.qa.util.TestUtil.switchToFrame(TestUtil.java:23)
	at com.greenorbit.qa.util.TestUtil.switchToFrame(TestUtil.java:23)
	at com.greenorbit.qa.util.TestUtil.switchToFrame(TestUtil.java:23)
	at com.greenorbit.qa.util.TestUtil.switchToFrame(TestUtil.java:23)
	at com.greenorbit.qa.util.TestUtil.switchToFrame(TestUtil.java:23)
	at com.greenorbit.qa.util.TestUtil.switchToFrame(TestUtil.java:23)
	at com.greenorbit.qa.util.TestUtil.switchToFrame(TestUtil.java:23)
	at com.greenorbit.qa.util.TestUtil.switchToFrame(TestUtil.java:23)
	at com.greenorbit.qa.util.TestUtil.switchToFrame(TestUtil.java:23)
	at com.greenorbit.qa.util.TestUtil.switchToFrame(TestUtil.java:23)
	at com.greenorbit.qa.util.TestUtil.switchToFrame(TestUtil.java:23)
	at com.greenorbit.qa.util.TestUtil.switchToFrame(TestUtil.java:23)
	at com.greenorbit.qa.util.TestUtil.switchToFrame(TestUtil.java:23)
	at com.greenorbit.qa.util.TestUtil.switchToFrame(TestUtil.java:23)
	at com.greenorbit.qa.util.TestUtil.switchToFrame(TestUtil.java:23)
	at com.greenorbit.qa.util.TestUtil.switchToFrame(TestUtil.java:23)
	at com.greenorbit.qa.util.TestUtil.switchToFrame(TestUtil.java:23)
	at com.greenorbit.qa.util.TestUtil.switchToFrame(TestUtil.java:23)
	at com.greenorbit.qa.util.TestUtil.switchToFrame(TestUtil.java:23)
	at com.greenorbit.qa.util.TestUtil.switchToFrame(TestUtil.java:23)
	at com.greenorbit.qa.util.TestUtil.switchToFrame(TestUtil.java:23)
	at com.greenorbit.qa.util.TestUtil.switchToFrame(TestUtil.java:23)
	at com.greenorbit.qa.util.TestUtil.switchToFrame(TestUtil.java:23)
	at com.greenorbit.qa.util.TestUtil.switchToFrame(TestUtil.java:23)
	at com.greenorbit.qa.util.TestUtil.switchToFrame(TestUtil.java:23)
	at com.greenorbit.qa.util.TestUtil.switchToFrame(TestUtil.java:23)
	at com.greenorbit.qa.util.TestUtil.switchToFrame(TestUtil.java:23)
	at com.greenorbit.qa.util.TestUtil.switchToFrame(TestUtil.java:23)
	at com.greenorbit.qa.util.TestUtil.switchToFrame(TestUtil.java:23)
	at com.greenorbit.qa.util.TestUtil.switchToFrame(TestUtil.java:23)
	at com.greenorbit.qa.util.TestUtil.switchToFrame(TestUtil.java:23)
	at com.greenorbit.qa.util.TestUtil.switchToFrame(TestUtil.java:23)
	at com.greenorbit.qa.util.TestUtil.switchToFrame(TestUtil.java:23)
	at com.greenorbit.qa.util.TestUtil.switchToFrame(TestUtil.java:23)
	at com.greenorbit.qa.util.TestUtil.switchToFrame(TestUtil.java:23)
	at com.greenorbit.qa.util.TestUtil.switchToFrame(TestUtil.java:23)
	at com.greenorbit.qa.util.TestUtil.switchToFrame(TestUtil.java:23)
	at com.greenorbit.qa.util.TestUtil.switchToFrame(TestUtil.java:23)
	at com.greenorbit.qa.util.TestUtil.switchToFrame(TestUtil.java:23)
	at com.greenorbit.qa.util.TestUtil.switchToFrame(TestUtil.java:23)
	at com.greenorbit.qa.util.TestUtil.switchToFrame(TestUtil.java:23)
	at com.greenorbit.qa.util.TestUtil.switchToFrame(TestUtil.java:23)
	at com.greenorbit.qa.util.TestUtil.switchToFrame(TestUtil.java:23)
	at com.greenorbit.qa.util.TestUtil.switchToFrame(TestUtil.java:23)
	at com.greenorbit.qa.util.TestUtil.switchToFrame(TestUtil.java:23)
	at com.greenorbit.qa.util.TestUtil.switchToFrame(TestUtil.java:23)
	at com.greenorbit.qa.util.TestUtil.switchToFrame(TestUtil.java:23)
	at com.greenorbit.qa.util.TestUtil.switchToFrame(TestUtil.java:23)
	at com.greenorbit.qa.util.TestUtil.switchToFrame(TestUtil.java:23)
	at com.greenorbit.qa.util.TestUtil.switchToFrame(TestUtil.java:23)
	at com.greenorbit.qa.util.TestUtil.switchToFrame(TestUtil.java:23)
	at com.greenorbit.qa.util.TestUtil.switchToFrame(TestUtil.java:23)
	at com.greenorbit.qa.util.TestUtil.switchToFrame(TestUtil.java:23)
	at com.greenorbit.qa.util.TestUtil.switchToFrame(TestUtil.java:23)
	at com.greenorbit.qa.util.TestUtil.switchToFrame(TestUtil.java:23)
	at com.greenorbit.qa.util.TestUtil.switchToFrame(TestUtil.java:23)
	at com.greenorbit.qa.util.TestUtil.switchToFrame(TestUtil.java:23)
	at com.greenorbit.qa.util.TestUtil.switchToFrame(TestUtil.java:23)
	at com.greenorbit.qa.util.TestUtil.switchToFrame(TestUtil.java:23)
	at com.greenorbit.qa.util.TestUtil.switchToFrame(TestUtil.java:23)
	at com.greenorbit.qa.util.TestUtil.switchToFrame(TestUtil.java:23)
	at com.greenorbit.qa.util.TestUtil.switchToFrame(TestUtil.java:23)
	at com.greenorbit.qa.util.TestUtil.switchToFrame(TestUtil.java:23)
	at com.greenorbit.qa.util.TestUtil.switchToFrame(TestUtil.java:23)
	at com.greenorbit.qa.util.TestUtil.switchToFrame(TestUtil.java:23)
	at com.greenorbit.qa.util.TestUtil.switchToFrame(TestUtil.java:23)
	at com.greenorbit.qa.util.TestUtil.switchToFrame(TestUtil.java:23)
	at com.greenorbit.qa.util.TestUtil.switchToFrame(TestUtil.java:23)
	at com.greenorbit.qa.util.TestUtil.switchToFrame(TestUtil.java:23)
	at com.greenorbit.qa.util.TestUtil.switchToFrame(TestUtil.java:23)
	at com.greenorbit.qa.util.TestUtil.switchToFrame(TestUtil.java:23)
	at com.greenorbit.qa.util.TestUtil.switchToFrame(TestUtil.java:23)
	at com.greenorbit.qa.util.TestUtil.switchToFrame(TestUtil.java:23)
	at com.greenorbit.qa.util.TestUtil.switchToFrame(TestUtil.java:23)
	at com.greenorbit.qa.util.TestUtil.switchToFrame(TestUtil.java:23)
	at com.greenorbit.qa.util.TestUtil.switchToFrame(TestUtil.java:23)
	at com.greenorbit.qa.util.TestUtil.switchToFrame(TestUtil.java:23)
	at com.greenorbit.qa.util.TestUtil.switchToFrame(TestUtil.java:23)
	at com.greenorbit.qa.util.TestUtil.switchToFrame(TestUtil.java:23)
	at com.greenorbit.qa.util.TestUtil.switchToFrame(TestUtil.java:23)
	at com.greenorbit.qa.util.TestUtil.switchToFrame(TestUtil.java:23)
	at com.greenorbit.qa.util.TestUtil.switchToFrame(TestUtil.java:23)
	at com.greenorbit.qa.util.TestUtil.switchToFrame(TestUtil.java:23)
	at com.greenorbit.qa.util.TestUtil.switchToFrame(TestUtil.java:23)
	at com.greenorbit.qa.util.TestUtil.switchToFrame(TestUtil.java:23)
	at com.greenorbit.qa.util.TestUtil.switchToFrame(TestUtil.java:23)
	at com.greenorbit.qa.util.TestUtil.switchToFrame(TestUtil.java:23)
	at com.greenorbit.qa.util.TestUtil.switchToFrame(TestUtil.java:23)
	at com.greenorbit.qa.util.TestUtil.switchToFrame(TestUtil.java:23)
	at com.greenorbit.qa.util.TestUtil.switchToFrame(TestUtil.java:23)
	at com.greenorbit.qa.util.TestUtil.switchToFrame(TestUtil.java:23)
	at com.greenorbit.qa.util.TestUtil.switchToFrame(TestUtil.java:23)
	at com.greenorbit.qa.util.TestUtil.switchToFrame(TestUtil.java:23)
	at com.greenorbit.qa.util.TestUtil.switchToFrame(TestUtil.java:23)
	at com.greenorbit.qa.util.TestUtil.switchToFrame(TestUtil.java:23)
	at com.greenorbit.qa.util.TestUtil.switchToFrame(TestUtil.java:23)
	at com.greenorbit.qa.util.TestUtil.switchToFrame(TestUtil.java:23)
	at com.greenorbit.qa.util.TestUtil.switchToFrame(TestUtil.java:23)
	at com.greenorbit.qa.util.TestUtil.switchToFrame(TestUtil.java:23)
	at com.greenorbit.qa.util.TestUtil.switchToFrame(TestUtil.java:23)
	at com.greenorbit.qa.util.TestUtil.switchToFrame(TestUtil.java:23)
	at com.greenorbit.qa.util.TestUtil.switchToFrame(TestUtil.java:23)
	at com.greenorbit.qa.util.TestUtil.switchToFrame(TestUtil.java:23)
	at com.greenorbit.qa.util.TestUtil.switchToFrame(TestUtil.java:23)
	at com.greenorbit.qa.util.TestUtil.switchToFrame(TestUtil.java:23)
	at com.greenorbit.qa.util.TestUtil.switchToFrame(TestUtil.java:23)
	at com.greenorbit.qa.util.TestUtil.switchToFrame(TestUtil.java:23)
	at com.greenorbit.qa.util.TestUtil.switchToFrame(TestUtil.java:23)
	at com.greenorbit.qa.util.TestUtil.switchToFrame(TestUtil.java:23)
	at com.greenorbit.qa.util.TestUtil.switchToFrame(TestUtil.java:23)
	at com.greenorbit.qa.util.TestUtil.switchToFrame(TestUtil.java:23)
	at com.greenorbit.qa.util.TestUtil.switchToFrame(TestUtil.java:23)
	at com.greenorbit.qa.util.TestUtil.switchToFrame(TestUtil.java:23)
	at com.greenorbit.qa.util.TestUtil.switchToFrame(TestUtil.java:23)
	at com.greenorbit.qa.util.TestUtil.switchToFrame(TestUtil.java:23)
	at com.greenorbit.qa.util.TestUtil.switchToFrame(TestUtil.java:23)
	at com.greenorbit.qa.util.TestUtil.switchToFrame(TestUtil.java:23)
	at com.greenorbit.qa.util.TestUtil.switchToFrame(TestUtil.java:23)
	at com.greenorbit.qa.util.TestUtil.switchToFrame(TestUtil.java:23)
	at com.greenorbit.qa.util.TestUtil.switchToFrame(TestUtil.java:23)
	at com.greenorbit.qa.util.TestUtil.switchToFrame(TestUtil.java:23)
	at com.greenorbit.qa.util.TestUtil.switchToFrame(TestUtil.java:23)
	at com.greenorbit.qa.util.TestUtil.switchToFrame(TestUtil.java:23)
	at com.greenorbit.qa.util.TestUtil.switchToFrame(TestUtil.java:23)
	at com.greenorbit.qa.util.TestUtil.switchToFrame(TestUtil.java:23)
	at com.greenorbit.qa.util.TestUtil.switchToFrame(TestUtil.java:23)
	at com.greenorbit.qa.util.TestUtil.switchToFrame(TestUtil.java:23)
	at com.greenorbit.qa.util.TestUtil.switchToFrame(TestUtil.java:23)
	at com.greenorbit.qa.util.TestUtil.switchToFrame(TestUtil.java:23)
	at com.greenorbit.qa.util.TestUtil.switchToFrame(TestUtil.java:23)
	at com.greenorbit.qa.util.TestUtil.switchToFrame(TestUtil.java:23)
	at com.greenorbit.qa.util.TestUtil.switchToFrame(TestUtil.java:23)
	at com.greenorbit.qa.util.TestUtil.switchToFrame(TestUtil.java:23)
	at com.greenorbit.qa.util.TestUtil.switchToFrame(TestUtil.java:23)
	at com.greenorbit.qa.util.TestUtil.switchToFrame(TestUtil.java:23)
	at com.greenorbit.qa.util.TestUtil.switchToFrame(TestUtil.java:23)
	at com.greenorbit.qa.util.TestUtil.switchToFrame(TestUtil.java:23)
	at com.greenorbit.qa.util.TestUtil.switchToFrame(TestUtil.java:23)
	at com.greenorbit.qa.util.TestUtil.switchToFrame(TestUtil.java:23)
	at com.greenorbit.qa.util.TestUtil.switchToFrame(TestUtil.java:23)
	at com.greenorbit.qa.util.TestUtil.switchToFrame(TestUtil.java:23)
	at com.greenorbit.qa.util.TestUtil.switchToFrame(TestUtil.java:23)
	at com.greenorbit.qa.util.TestUtil.switchToFrame(TestUtil.java:23)
	at com.greenorbit.qa.util.TestUtil.switchToFrame(TestUtil.java:23)
	at com.greenorbit.qa.util.TestUtil.switchToFrame(TestUtil.java:23)
	at com.greenorbit.qa.util.TestUtil.switchToFrame(TestUtil.java:23)
	at com.greenorbit.qa.util.TestUtil.switchToFrame(TestUtil.java:23)
	at com.greenorbit.qa.util.TestUtil.switchToFrame(TestUtil.java:23)
	at com.greenorbit.qa.util.TestUtil.switchToFrame(TestUtil.java:23)
	at com.greenorbit.qa.util.TestUtil.switchToFrame(TestUtil.java:23)
	at com.greenorbit.qa.util.TestUtil.switchToFrame(TestUtil.java:23)
	at com.greenorbit.qa.util.TestUtil.switchToFrame(TestUtil.java:23)
	at com.greenorbit.qa.util.TestUtil.switchToFrame(TestUtil.java:23)
	at com.greenorbit.qa.util.TestUtil.switchToFrame(TestUtil.java:23)
	at com.greenorbit.qa.util.TestUtil.switchToFrame(TestUtil.java:23)
	at com.greenorbit.qa.util.TestUtil.switchToFrame(TestUtil.java:23)
	at com.greenorbit.qa.util.TestUtil.switchToFrame(TestUtil.java:23)
	at com.greenorbit.qa.util.TestUtil.switchToFrame(TestUtil.java:23)
	at com.greenorbit.qa.util.TestUtil.switchToFrame(TestUtil.java:23)
	at com.greenorbit.qa.util.TestUtil.switchToFrame(TestUtil.java:23)
	at com.greenorbit.qa.util.TestUtil.switchToFrame(TestUtil.java:23)
	at com.greenorbit.qa.util.TestUtil.switchToFrame(TestUtil.java:23)
	at com.greenorbit.qa.util.TestUtil.switchToFrame(TestUtil.java:23)
	at com.greenorbit.qa.util.TestUtil.switchToFrame(TestUtil.java:23)
	at com.greenorbit.qa.util.TestUtil.switchToFrame(TestUtil.java:23)
	at com.greenorbit.qa.util.TestUtil.switchToFrame(TestUtil.java:23)
	at com.greenorbit.qa.util.TestUtil.switchToFrame(TestUtil.java:23)
	at com.greenorbit.qa.util.TestUtil.switchToFrame(TestUtil.java:23)
	at com.greenorbit.qa.util.TestUtil.switchToFrame(TestUtil.java:23)
	at com.greenorbit.qa.util.TestUtil.switchToFrame(TestUtil.java:23)
	at com.greenorbit.qa.util.TestUtil.switchToFrame(TestUtil.java:23)
	at com.greenorbit.qa.util.TestUtil.switchToFrame(TestUtil.java:23)
	at com.greenorbit.qa.util.TestUtil.switchToFrame(TestUtil.java:23)
	at com.greenorbit.qa.util.TestUtil.switchToFrame(TestUtil.java:23)
	at com.greenorbit.qa.util.TestUtil.switchToFrame(TestUtil.java:23)
	at com.greenorbit.qa.util.TestUtil.switchToFrame(TestUtil.java:23)
	at com.greenorbit.qa.util.TestUtil.switchToFrame(TestUtil.java:23)
	at com.greenorbit.qa.util.TestUtil.switchToFrame(TestUtil.java:23)
	at com.greenorbit.qa.util.TestUtil.switchToFrame(TestUtil.java:23)
	at com.greenorbit.qa.util.TestUtil.switchToFrame(TestUtil.java:23)
	at com.greenorbit.qa.util.TestUtil.switchToFrame(TestUtil.java:23)
	at com.greenorbit.qa.util.TestUtil.switchToFrame(TestUtil.java:23)
	at com.greenorbit.qa.util.TestUtil.switchToFrame(TestUtil.java:23)
	at com.greenorbit.qa.util.TestUtil.switchToFrame(TestUtil.java:23)
	at com.greenorbit.qa.util.TestUtil.switchToFrame(TestUtil.java:23)
	at com.greenorbit.qa.util.TestUtil.switchToFrame(TestUtil.java:23)
	at com.greenorbit.qa.util.TestUtil.switchToFrame(TestUtil.java:23)
	at com.greenorbit.qa.util.TestUtil.switchToFrame(TestUtil.java:23)
	at com.greenorbit.qa.util.TestUtil.switchToFrame(TestUtil.java:23)
	at com.greenorbit.qa.util.TestUtil.switchToFrame(TestUtil.java:23)
	at com.greenorbit.qa.util.TestUtil.switchToFrame(TestUtil.java:23)
	at com.greenorbit.qa.util.TestUtil.switchToFrame(TestUtil.java:23)
	at com.greenorbit.qa.util.TestUtil.switchToFrame(TestUtil.java:23)
	at com.greenorbit.qa.util.TestUtil.switchToFrame(TestUtil.java:23)
	at com.greenorbit.qa.util.TestUtil.switchToFrame(TestUtil.java:23)
	at com.greenorbit.qa.util.TestUtil.switchToFrame(TestUtil.java:23)
	at com.greenorbit.qa.util.TestUtil.switchToFrame(TestUtil.java:23)
	at com.greenorbit.qa.util.TestUtil.switchToFrame(TestUtil.java:23)
	at com.greenorbit.qa.util.TestUtil.switchToFrame(TestUtil.java:23)
	at com.greenorbit.qa.util.TestUtil.switchToFrame(TestUtil.java:23)
	at com.greenorbit.qa.util.TestUtil.switchToFrame(TestUtil.java:23)
	at com.greenorbit.qa.util.TestUtil.switchToFrame(TestUtil.java:23)
	at com.greenorbit.qa.util.TestUtil.switchToFrame(TestUtil.java:23)
	at com.greenorbit.qa.util.TestUtil.switchToFrame(TestUtil.java:23)
	at com.greenorbit.qa.util.TestUtil.switchToFrame(TestUtil.java:23)
	at com.greenorbit.qa.util.TestUtil.switchToFrame(TestUtil.java:23)
	at com.greenorbit.qa.util.TestUtil.switchToFrame(TestUtil.java:23)
	at com.greenorbit.qa.util.TestUtil.switchToFrame(TestUtil.java:23)
	at com.greenorbit.qa.util.TestUtil.switchToFrame(TestUtil.java:23)
	at com.greenorbit.qa.util.TestUtil.switchToFrame(TestUtil.java:23)
	at com.greenorbit.qa.util.TestUtil.switchToFrame(TestUtil.java:23)
	at com.greenorbit.qa.util.TestUtil.switchToFrame(TestUtil.java:23)
	at com.greenorbit.qa.util.TestUtil.switchToFrame(TestUtil.java:23)
	at com.greenorbit.qa.util.TestUtil.switchToFrame(TestUtil.java:23)
	at com.greenorbit.qa.util.TestUtil.switchToFrame(TestUtil.java:23)
	at com.greenorbit.qa.util.TestUtil.switchToFrame(TestUtil.java:23)
	at com.greenorbit.qa.util.TestUtil.switchToFrame(TestUtil.java:23)
	at com.greenorbit.qa.util.TestUtil.switchToFrame(TestUtil.java:23)
	at com.greenorbit.qa.util.TestUtil.switchToFrame(TestUtil.java:23)
	at com.greenorbit.qa.util.TestUtil.switchToFrame(TestUtil.java:23)
	at com.greenorbit.qa.util.TestUtil.switchToFrame(TestUtil.java:23)
	at com.greenorbit.qa.util.TestUtil.switchToFrame(TestUtil.java:23)
	at com.greenorbit.qa.util.TestUtil.switchToFrame(TestUtil.java:23)
	at com.greenorbit.qa.util.TestUtil.switchToFrame(TestUtil.java:23)
	at com.greenorbit.qa.util.TestUtil.switchToFrame(TestUtil.java:23)
	at com.greenorbit.qa.util.TestUtil.switchToFrame(TestUtil.java:23)
	at com.greenorbit.qa.util.TestUtil.switchToFrame(TestUtil.java:23)
	at com.greenorbit.qa.util.TestUtil.switchToFrame(TestUtil.java:23)
	at com.greenorbit.qa.util.TestUtil.switchToFrame(TestUtil.java:23)
	at com.greenorbit.qa.util.TestUtil.switchToFrame(TestUtil.java:23)
	at com.greenorbit.qa.util.TestUtil.switchToFrame(TestUtil.java:23)
	at com.greenorbit.qa.util.TestUtil.switchToFrame(TestUtil.java:23)
	at com.greenorbit.qa.util.TestUtil.switchToFrame(TestUtil.java:23)
	at com.greenorbit.qa.util.TestUtil.switchToFrame(TestUtil.java:23)
	at com.greenorbit.qa.util.TestUtil.switchToFrame(TestUtil.java:23)
	at com.greenorbit.qa.util.TestUtil.switchToFrame(TestUtil.java:23)
	at com.greenorbit.qa.util.TestUtil.switchToFrame(TestUtil.java:23)
	at com.greenorbit.qa.util.TestUtil.switchToFrame(TestUtil.java:23)
	at com.greenorbit.qa.util.TestUtil.switchToFrame(TestUtil.java:23)
	at com.greenorbit.qa.util.TestUtil.switchToFrame(TestUtil.java:23)
	at com.greenorbit.qa.util.TestUtil.switchToFrame(TestUtil.java:23)
	at com.greenorbit.qa.util.TestUtil.switchToFrame(TestUtil.java:23)
	at com.greenorbit.qa.util.TestUtil.switchToFrame(TestUtil.java:23)
	at com.greenorbit.qa.util.TestUtil.switchToFrame(TestUtil.java:23)
	at com.greenorbit.qa.util.TestUtil.switchToFrame(TestUtil.java:23)
	at com.greenorbit.qa.util.TestUtil.switchToFrame(TestUtil.java:23)
	at com.greenorbit.qa.util.TestUtil.switchToFrame(TestUtil.java:23)
	at com.greenorbit.qa.util.TestUtil.switchToFrame(TestUtil.java:23)
	at com.greenorbit.qa.util.TestUtil.switchToFrame(TestUtil.java:23)
	at com.greenorbit.qa.util.TestUtil.switchToFrame(TestUtil.java:23)
	at com.greenorbit.qa.util.TestUtil.switchToFrame(TestUtil.java:23)
	at com.greenorbit.qa.util.TestUtil.switchToFrame(TestUtil.java:23)
	at com.greenorbit.qa.util.TestUtil.switchToFrame(TestUtil.java:23)
	at com.greenorbit.qa.util.TestUtil.switchToFrame(TestUtil.java:23)
	at com.greenorbit.qa.util.TestUtil.switchToFrame(TestUtil.java:23)
	at com.greenorbit.qa.util.TestUtil.switchToFrame(TestUtil.java:23)
	at com.greenorbit.qa.util.TestUtil.switchToFrame(TestUtil.java:23)
	at com.greenorbit.qa.util.TestUtil.switchToFrame(TestUtil.java:23)
	at com.greenorbit.qa.util.TestUtil.switchToFrame(TestUtil.java:23)
	at com.greenorbit.qa.util.TestUtil.switchToFrame(TestUtil.java:23)
	at com.greenorbit.qa.util.TestUtil.switchToFrame(TestUtil.java:23)
	at com.greenorbit.qa.util.TestUtil.switchToFrame(TestUtil.java:23)
	at com.greenorbit.qa.util.TestUtil.switchToFrame(TestUtil.java:23)
	at com.greenorbit.qa.util.TestUtil.switchToFrame(TestUtil.java:23)
	at com.greenorbit.qa.util.TestUtil.switchToFrame(TestUtil.java:23)
]]>
    </failure>
  </testcase> <!-- @BeforeMethod setUp -->
  <testcase name="@BeforeMethod setUp" time="0.0" classname="com.greenorbit.qa.testcases.WebsiteUserPageTest">
    <skipped/>
  </testcase> <!-- @BeforeMethod setUp -->
  <testcase name="verifyCreateNewWebsiteUser" time="0.0" classname="com.greenorbit.qa.testcases.WebsiteUserPageTest">
    <skipped/>
  </testcase> <!-- verifyCreateNewWebsiteUser -->
  <testcase name="verifyWebsiteUserPageTitle" time="0.0" classname="com.greenorbit.qa.testcases.WebsiteUserPageTest">
    <skipped/>
  </testcase> <!-- verifyWebsiteUserPageTitle -->
</testsuite> <!-- Default test(failed)(failed) -->
