<?xml version="1.0" encoding="UTF-8"?>
<!-- Generated by org.testng.reporters.JUnitXMLReporter -->
<testsuite hostname="ADBIN0257" ignored="0" name="GreenOrbit Application Test Cases" tests="8" failures="0" timestamp="09 Jul 2019 07:00:13 GMT" time="143.285" errors="0">
  <testcase name="loginPageTitleTest" time="0.046" classname="com.greenorbit.qa.testcases.LoginPageTest"/>
  <testcase name="verifyHomePageTitleTest" time="0.007" classname="com.greenorbit.qa.testcases.HomePageTest"/>
  <testcase name="loginTest" time="7.381" classname="com.greenorbit.qa.testcases.LoginPageTest"/>
  <testcase name="verifyPageHeadingTest" time="0.191" classname="com.greenorbit.qa.testcases.HomePageTest"/>
  <testcase name="clickOnHelpLinkTest" time="2.289" classname="com.greenorbit.qa.testcases.HomePageTest"/>
  <testcase name="clickOnAboutLinkTest" time="7.571" classname="com.greenorbit.qa.testcases.HomePageTest"/>
  <testcase name="clickOnWebsiteUserTest" time="5.581" classname="com.greenorbit.qa.testcases.HomePageTest"/>
  <testcase name="clickonAddWebsiteUserTest" time="7.373" classname="com.greenorbit.qa.testcases.HomePageTest"/>
</testsuite> <!-- GreenOrbit Application Test Cases -->
