<?xml version="1.0" encoding="UTF-8"?>
<testng-results skipped="0" failed="1" ignored="0" total="11" passed="10">
  <reporter-output>
  </reporter-output>
  <suite name="Command line suite" duration-ms="380389" started-at="2019-08-17T17:24:29Z" finished-at="2019-08-17T17:30:49Z">
    <groups>
    </groups>
    <test name="Command line test" duration-ms="380389" started-at="2019-08-17T17:24:29Z" finished-at="2019-08-17T17:30:49Z">
      <class name="com.greenorbit.qa.testcases.WebsiteUserPageTest">
        <test-method status="PASS" signature="setUp()[pri:0, instance:com.greenorbit.qa.testcases.WebsiteUserPageTest@dfd3711]" name="setUp" is-config="true" duration-ms="41618" started-at="2019-08-17T22:55:07Z" finished-at="2019-08-17T22:55:48Z">
          <reporter-output>
          </reporter-output>
        </test-method> <!-- setUp -->
        <test-method status="PASS" signature="verifyWebsiteUserPageTitle()[pri:1, instance:com.greenorbit.qa.testcases.WebsiteUserPageTest@dfd3711]" name="verifyWebsiteUserPageTitle" duration-ms="182" started-at="2019-08-17T22:55:48Z" finished-at="2019-08-17T22:55:48Z">
          <reporter-output>
          </reporter-output>
        </test-method> <!-- verifyWebsiteUserPageTitle -->
        <test-method status="PASS" signature="tearDown()[pri:0, instance:com.greenorbit.qa.testcases.WebsiteUserPageTest@dfd3711]" name="tearDown" is-config="true" duration-ms="594" started-at="2019-08-17T22:55:48Z" finished-at="2019-08-17T22:55:49Z">
          <reporter-output>
          </reporter-output>
        </test-method> <!-- tearDown -->
        <test-method status="PASS" signature="setUp()[pri:0, instance:com.greenorbit.qa.testcases.WebsiteUserPageTest@dfd3711]" name="setUp" is-config="true" duration-ms="31146" started-at="2019-08-17T22:56:47Z" finished-at="2019-08-17T22:57:18Z">
          <reporter-output>
          </reporter-output>
        </test-method> <!-- setUp -->
        <test-method status="FAIL" signature="verifyCreateNewWebsiteUser(java.lang.String, java.lang.String, java.lang.String, java.lang.String, java.lang.String)[pri:2, instance:com.greenorbit.qa.testcases.WebsiteUserPageTest@dfd3711]" name="verifyCreateNewWebsiteUser" duration-ms="18774" started-at="2019-08-17T22:57:18Z" data-provider="getGreenorbitTestData" finished-at="2019-08-17T22:57:37Z">
          <params>
            <param index="0">
              <value>
                <![CDATA[roy]]>
              </value>
            </param>
            <param index="1">
              <value>
                <![CDATA[miller]]>
              </value>
            </param>
            <param index="2">
              <value>
                <![CDATA[roymiller@gmail.com]]>
              </value>
            </param>
            <param index="3">
              <value>
                <![CDATA[roymiller]]>
              </value>
            </param>
            <param index="4">
              <value>
                <![CDATA[roymiller]]>
              </value>
            </param>
          </params>
          <exception class="org.openqa.selenium.NoSuchElementException">
            <message>
              <![CDATA[no such element: Unable to locate element: {"method":"xpath","selector":"//input[@name='AddUserButtons_Finish']"}
  (Session info: chrome=76.0.3809.100)
For documentation on this error, please visit: http://seleniumhq.org/exceptions/no_such_element.html
Build info: version: '3.14.0', revision: 'aacccce0', time: '2018-08-02T20:19:58.91Z'
System info: host: 'ADBIN0257', ip: '192.168.100.3', os.name: 'Windows 10', os.arch: 'amd64', os.version: '10.0', java.version: '1.8.0_201'
Driver info: org.openqa.selenium.chrome.ChromeDriver
Capabilities {acceptInsecureCerts: false, browserName: chrome, browserVersion: 76.0.3809.100, chrome: {chromedriverVersion: 75.0.3770.90 (a6dcaf7e3ec6f..., userDataDir: C:\WINDOWS\TEMP\scoped_dir1...}, goog:chromeOptions: {debuggerAddress: localhost:54364}, javascriptEnabled: true, networkConnectionEnabled: false, pageLoadStrategy: normal, platform: XP, platformName: XP, proxy: Proxy(), setWindowRect: true, strictFileInteractability: false, timeouts: {implicit: 0, pageLoad: 300000, script: 30000}, unhandledPromptBehavior: dismiss and notify}
Session ID: b7f79d46e8e0669fa315c8a52d716923
*** Element info: {Using=xpath, value=//input[@name='AddUserButtons_Finish']}]]>
            </message>
            <full-stacktrace>
              <![CDATA[org.openqa.selenium.NoSuchElementException: no such element: Unable to locate element: {"method":"xpath","selector":"//input[@name='AddUserButtons_Finish']"}
  (Session info: chrome=76.0.3809.100)
For documentation on this error, please visit: http://seleniumhq.org/exceptions/no_such_element.html
Build info: version: '3.14.0', revision: 'aacccce0', time: '2018-08-02T20:19:58.91Z'
System info: host: 'ADBIN0257', ip: '192.168.100.3', os.name: 'Windows 10', os.arch: 'amd64', os.version: '10.0', java.version: '1.8.0_201'
Driver info: org.openqa.selenium.chrome.ChromeDriver
Capabilities {acceptInsecureCerts: false, browserName: chrome, browserVersion: 76.0.3809.100, chrome: {chromedriverVersion: 75.0.3770.90 (a6dcaf7e3ec6f..., userDataDir: C:\WINDOWS\TEMP\scoped_dir1...}, goog:chromeOptions: {debuggerAddress: localhost:54364}, javascriptEnabled: true, networkConnectionEnabled: false, pageLoadStrategy: normal, platform: XP, platformName: XP, proxy: Proxy(), setWindowRect: true, strictFileInteractability: false, timeouts: {implicit: 0, pageLoad: 300000, script: 30000}, unhandledPromptBehavior: dismiss and notify}
Session ID: b7f79d46e8e0669fa315c8a52d716923
*** Element info: {Using=xpath, value=//input[@name='AddUserButtons_Finish']}
	at sun.reflect.NativeConstructorAccessorImpl.newInstance0(Native Method)
	at sun.reflect.NativeConstructorAccessorImpl.newInstance(NativeConstructorAccessorImpl.java:62)
	at sun.reflect.DelegatingConstructorAccessorImpl.newInstance(DelegatingConstructorAccessorImpl.java:45)
	at java.lang.reflect.Constructor.newInstance(Constructor.java:423)
	at org.openqa.selenium.remote.http.W3CHttpResponseCodec.createException(W3CHttpResponseCodec.java:187)
	at org.openqa.selenium.remote.http.W3CHttpResponseCodec.decode(W3CHttpResponseCodec.java:122)
	at org.openqa.selenium.remote.http.W3CHttpResponseCodec.decode(W3CHttpResponseCodec.java:49)
	at org.openqa.selenium.remote.HttpCommandExecutor.execute(HttpCommandExecutor.java:158)
	at org.openqa.selenium.remote.service.DriverCommandExecutor.execute(DriverCommandExecutor.java:83)
	at org.openqa.selenium.remote.RemoteWebDriver.execute(RemoteWebDriver.java:548)
	at org.openqa.selenium.remote.RemoteWebDriver.findElement(RemoteWebDriver.java:322)
	at org.openqa.selenium.remote.RemoteWebDriver.findElementByXPath(RemoteWebDriver.java:424)
	at org.openqa.selenium.By$ByXPath.findElement(By.java:353)
	at org.openqa.selenium.remote.RemoteWebDriver.findElement(RemoteWebDriver.java:314)
	at org.openqa.selenium.support.pagefactory.DefaultElementLocator.findElement(DefaultElementLocator.java:69)
	at org.openqa.selenium.support.pagefactory.internal.LocatingElementHandler.invoke(LocatingElementHandler.java:38)
	at com.sun.proxy.$Proxy10.click(Unknown Source)
	at com.greenorbit.qa.pages.WebsiteUserPage.createNewWebsiteUser(WebsiteUserPage.java:62)
	at com.greenorbit.qa.testcases.WebsiteUserPageTest.verifyCreateNewWebsiteUser(WebsiteUserPageTest.java:50)
	at sun.reflect.NativeMethodAccessorImpl.invoke0(Native Method)
	at sun.reflect.NativeMethodAccessorImpl.invoke(NativeMethodAccessorImpl.java:62)
	at sun.reflect.DelegatingMethodAccessorImpl.invoke(DelegatingMethodAccessorImpl.java:43)
	at java.lang.reflect.Method.invoke(Method.java:498)
	at org.testng.internal.MethodInvocationHelper.invokeMethod(MethodInvocationHelper.java:108)
	at org.testng.internal.Invoker.invokeMethod(Invoker.java:661)
	at org.testng.internal.Invoker.invokeTestMethod(Invoker.java:869)
	at org.testng.internal.Invoker.invokeTestMethods(Invoker.java:1193)
	at org.testng.internal.TestMethodWorker.invokeTestMethods(TestMethodWorker.java:126)
	at org.testng.internal.TestMethodWorker.run(TestMethodWorker.java:109)
	at org.testng.TestRunner.privateRun(TestRunner.java:744)
	at org.testng.TestRunner.run(TestRunner.java:602)
	at org.testng.SuiteRunner.runTest(SuiteRunner.java:380)
	at org.testng.SuiteRunner.runSequentially(SuiteRunner.java:375)
	at org.testng.SuiteRunner.privateRun(SuiteRunner.java:340)
	at org.testng.SuiteRunner.run(SuiteRunner.java:289)
	at org.testng.SuiteRunnerWorker.runSuite(SuiteRunnerWorker.java:52)
	at org.testng.SuiteRunnerWorker.run(SuiteRunnerWorker.java:86)
	at org.testng.TestNG.runSuitesSequentially(TestNG.java:1301)
	at org.testng.TestNG.runSuitesLocally(TestNG.java:1226)
	at org.testng.TestNG.runSuites(TestNG.java:1144)
	at org.testng.TestNG.run(TestNG.java:1115)
	at org.apache.maven.surefire.testng.TestNGExecutor.run(TestNGExecutor.java:77)
	at org.apache.maven.surefire.testng.TestNGDirectoryTestSuite.executeMulti(TestNGDirectoryTestSuite.java:159)
	at org.apache.maven.surefire.testng.TestNGDirectoryTestSuite.execute(TestNGDirectoryTestSuite.java:99)
	at org.apache.maven.surefire.testng.TestNGProvider.invoke(TestNGProvider.java:106)
	at sun.reflect.NativeMethodAccessorImpl.invoke0(Native Method)
	at sun.reflect.NativeMethodAccessorImpl.invoke(NativeMethodAccessorImpl.java:62)
	at sun.reflect.DelegatingMethodAccessorImpl.invoke(DelegatingMethodAccessorImpl.java:43)
	at java.lang.reflect.Method.invoke(Method.java:498)
	at org.apache.maven.surefire.util.ReflectionUtils.invokeMethodWithArray(ReflectionUtils.java:189)
	at org.apache.maven.surefire.booter.ProviderFactory$ProviderProxy.invoke(ProviderFactory.java:165)
	at org.apache.maven.surefire.booter.ProviderFactory.invokeProvider(ProviderFactory.java:85)
	at org.apache.maven.surefire.booter.ForkedBooter.runSuitesInProcess(ForkedBooter.java:115)
	at org.apache.maven.surefire.booter.ForkedBooter.main(ForkedBooter.java:75)
]]>
            </full-stacktrace>
          </exception> <!-- org.openqa.selenium.NoSuchElementException -->
          <reporter-output>
          </reporter-output>
        </test-method> <!-- verifyCreateNewWebsiteUser -->
        <test-method status="PASS" signature="tearDown()[pri:0, instance:com.greenorbit.qa.testcases.WebsiteUserPageTest@dfd3711]" name="tearDown" is-config="true" duration-ms="645" started-at="2019-08-17T22:57:37Z" finished-at="2019-08-17T22:57:38Z">
          <reporter-output>
          </reporter-output>
        </test-method> <!-- tearDown -->
        <test-method status="PASS" signature="setUp()[pri:0, instance:com.greenorbit.qa.testcases.WebsiteUserPageTest@dfd3711]" name="setUp" is-config="true" duration-ms="31003" started-at="2019-08-17T22:57:38Z" finished-at="2019-08-17T22:58:09Z">
          <reporter-output>
          </reporter-output>
        </test-method> <!-- setUp -->
        <test-method status="PASS" signature="verifyCreateNewWebsiteUser(java.lang.String, java.lang.String, java.lang.String, java.lang.String, java.lang.String)[pri:2, instance:com.greenorbit.qa.testcases.WebsiteUserPageTest@dfd3711]" name="verifyCreateNewWebsiteUser" duration-ms="20579" started-at="2019-08-17T22:58:09Z" data-provider="getGreenorbitTestData" finished-at="2019-08-17T22:58:29Z">
          <params>
            <param index="0">
              <value>
                <![CDATA[lily]]>
              </value>
            </param>
            <param index="1">
              <value>
                <![CDATA[miller]]>
              </value>
            </param>
            <param index="2">
              <value>
                <![CDATA[lilymiller@gmail.com]]>
              </value>
            </param>
            <param index="3">
              <value>
                <![CDATA[lilymiller]]>
              </value>
            </param>
            <param index="4">
              <value>
                <![CDATA[lilymiller]]>
              </value>
            </param>
          </params>
          <reporter-output>
          </reporter-output>
        </test-method> <!-- verifyCreateNewWebsiteUser -->
        <test-method status="PASS" signature="tearDown()[pri:0, instance:com.greenorbit.qa.testcases.WebsiteUserPageTest@dfd3711]" name="tearDown" is-config="true" duration-ms="657" started-at="2019-08-17T22:58:29Z" finished-at="2019-08-17T22:58:30Z">
          <reporter-output>
          </reporter-output>
        </test-method> <!-- tearDown -->
      </class> <!-- com.greenorbit.qa.testcases.WebsiteUserPageTest -->
      <class name="com.greenorbit.qa.testcases.LoginPageTest">
        <test-method status="PASS" signature="setUp()[pri:0, instance:com.greenorbit.qa.testcases.LoginPageTest@38082d64]" name="setUp" is-config="true" duration-ms="11225" started-at="2019-08-17T22:54:55Z" finished-at="2019-08-17T22:55:06Z">
          <reporter-output>
          </reporter-output>
        </test-method> <!-- setUp -->
        <test-method status="PASS" signature="loginPageTitleTest()[pri:1, instance:com.greenorbit.qa.testcases.LoginPageTest@38082d64]" name="loginPageTitleTest" duration-ms="12" started-at="2019-08-17T22:55:06Z" finished-at="2019-08-17T22:55:06Z">
          <reporter-output>
          </reporter-output>
        </test-method> <!-- loginPageTitleTest -->
        <test-method status="PASS" signature="tearDown()[pri:0, instance:com.greenorbit.qa.testcases.LoginPageTest@38082d64]" name="tearDown" is-config="true" duration-ms="622" started-at="2019-08-17T22:55:06Z" finished-at="2019-08-17T22:55:07Z">
          <reporter-output>
          </reporter-output>
        </test-method> <!-- tearDown -->
        <test-method status="PASS" signature="setUp()[pri:0, instance:com.greenorbit.qa.testcases.LoginPageTest@38082d64]" name="setUp" is-config="true" duration-ms="8081" started-at="2019-08-17T22:56:21Z" finished-at="2019-08-17T22:56:29Z">
          <reporter-output>
          </reporter-output>
        </test-method> <!-- setUp -->
        <test-method status="PASS" signature="loginTest()[pri:2, instance:com.greenorbit.qa.testcases.LoginPageTest@38082d64]" name="loginTest" duration-ms="16849" started-at="2019-08-17T22:56:29Z" finished-at="2019-08-17T22:56:46Z">
          <reporter-output>
          </reporter-output>
        </test-method> <!-- loginTest -->
        <test-method status="PASS" signature="tearDown()[pri:0, instance:com.greenorbit.qa.testcases.LoginPageTest@38082d64]" name="tearDown" is-config="true" duration-ms="637" started-at="2019-08-17T22:56:46Z" finished-at="2019-08-17T22:56:46Z">
          <reporter-output>
          </reporter-output>
        </test-method> <!-- tearDown -->
      </class> <!-- com.greenorbit.qa.testcases.LoginPageTest -->
      <class name="com.greenorbit.qa.testcases.HomePageTest">
        <test-method status="PASS" signature="setUp()[pri:0, instance:com.greenorbit.qa.testcases.HomePageTest@2ed94a8b]" name="setUp" is-config="true" duration-ms="24942" started-at="2019-08-17T22:54:29Z" finished-at="2019-08-17T22:54:54Z">
          <reporter-output>
          </reporter-output>
        </test-method> <!-- setUp -->
        <test-method status="PASS" signature="verifyHomePageTitleTest()[pri:1, instance:com.greenorbit.qa.testcases.HomePageTest@2ed94a8b]" name="verifyHomePageTitleTest" duration-ms="11" started-at="2019-08-17T22:54:54Z" finished-at="2019-08-17T22:54:54Z">
          <reporter-output>
          </reporter-output>
        </test-method> <!-- verifyHomePageTitleTest -->
        <test-method status="PASS" signature="tearDown()[pri:0, instance:com.greenorbit.qa.testcases.HomePageTest@2ed94a8b]" name="tearDown" is-config="true" duration-ms="645" started-at="2019-08-17T22:54:54Z" finished-at="2019-08-17T22:54:55Z">
          <reporter-output>
          </reporter-output>
        </test-method> <!-- tearDown -->
        <test-method status="PASS" signature="setUp()[pri:0, instance:com.greenorbit.qa.testcases.HomePageTest@2ed94a8b]" name="setUp" is-config="true" duration-ms="31199" started-at="2019-08-17T22:55:49Z" finished-at="2019-08-17T22:56:20Z">
          <reporter-output>
          </reporter-output>
        </test-method> <!-- setUp -->
        <test-method status="PASS" signature="verifyPageHeadingTest()[pri:2, instance:com.greenorbit.qa.testcases.HomePageTest@2ed94a8b]" name="verifyPageHeadingTest" duration-ms="172" started-at="2019-08-17T22:56:20Z" finished-at="2019-08-17T22:56:20Z">
          <reporter-output>
          </reporter-output>
        </test-method> <!-- verifyPageHeadingTest -->
        <test-method status="PASS" signature="tearDown()[pri:0, instance:com.greenorbit.qa.testcases.HomePageTest@2ed94a8b]" name="tearDown" is-config="true" duration-ms="628" started-at="2019-08-17T22:56:20Z" finished-at="2019-08-17T22:56:21Z">
          <reporter-output>
          </reporter-output>
        </test-method> <!-- tearDown -->
        <test-method status="PASS" signature="setUp()[pri:0, instance:com.greenorbit.qa.testcases.HomePageTest@2ed94a8b]" name="setUp" is-config="true" duration-ms="24091" started-at="2019-08-17T22:58:30Z" finished-at="2019-08-17T22:58:54Z">
          <reporter-output>
          </reporter-output>
        </test-method> <!-- setUp -->
        <test-method status="PASS" signature="clickOnHelpLinkTest()[pri:3, instance:com.greenorbit.qa.testcases.HomePageTest@2ed94a8b]" name="clickOnHelpLinkTest" duration-ms="2527" started-at="2019-08-17T22:58:54Z" finished-at="2019-08-17T22:58:57Z">
          <reporter-output>
          </reporter-output>
        </test-method> <!-- clickOnHelpLinkTest -->
        <test-method status="PASS" signature="tearDown()[pri:0, instance:com.greenorbit.qa.testcases.HomePageTest@2ed94a8b]" name="tearDown" is-config="true" duration-ms="609" started-at="2019-08-17T22:58:57Z" finished-at="2019-08-17T22:58:57Z">
          <reporter-output>
          </reporter-output>
        </test-method> <!-- tearDown -->
        <test-method status="PASS" signature="setUp()[pri:0, instance:com.greenorbit.qa.testcases.HomePageTest@2ed94a8b]" name="setUp" is-config="true" duration-ms="27101" started-at="2019-08-17T22:58:57Z" finished-at="2019-08-17T22:59:24Z">
          <reporter-output>
          </reporter-output>
        </test-method> <!-- setUp -->
        <test-method status="PASS" signature="clickOnAboutLinkTest()[pri:4, instance:com.greenorbit.qa.testcases.HomePageTest@2ed94a8b]" name="clickOnAboutLinkTest" duration-ms="7230" started-at="2019-08-17T22:59:24Z" finished-at="2019-08-17T22:59:32Z">
          <reporter-output>
          </reporter-output>
        </test-method> <!-- clickOnAboutLinkTest -->
        <test-method status="PASS" signature="tearDown()[pri:0, instance:com.greenorbit.qa.testcases.HomePageTest@2ed94a8b]" name="tearDown" is-config="true" duration-ms="632" started-at="2019-08-17T22:59:32Z" finished-at="2019-08-17T22:59:32Z">
          <reporter-output>
          </reporter-output>
        </test-method> <!-- tearDown -->
        <test-method status="PASS" signature="setUp()[pri:0, instance:com.greenorbit.qa.testcases.HomePageTest@2ed94a8b]" name="setUp" is-config="true" duration-ms="33369" started-at="2019-08-17T22:59:32Z" finished-at="2019-08-17T23:00:06Z">
          <reporter-output>
          </reporter-output>
        </test-method> <!-- setUp -->
        <test-method status="PASS" signature="clickOnWebsiteUserTest()[pri:5, instance:com.greenorbit.qa.testcases.HomePageTest@2ed94a8b]" name="clickOnWebsiteUserTest" duration-ms="6012" started-at="2019-08-17T23:00:06Z" finished-at="2019-08-17T23:00:12Z">
          <reporter-output>
          </reporter-output>
        </test-method> <!-- clickOnWebsiteUserTest -->
        <test-method status="PASS" signature="tearDown()[pri:0, instance:com.greenorbit.qa.testcases.HomePageTest@2ed94a8b]" name="tearDown" is-config="true" duration-ms="665" started-at="2019-08-17T23:00:12Z" finished-at="2019-08-17T23:00:12Z">
          <reporter-output>
          </reporter-output>
        </test-method> <!-- tearDown -->
        <test-method status="PASS" signature="setUp()[pri:0, instance:com.greenorbit.qa.testcases.HomePageTest@2ed94a8b]" name="setUp" is-config="true" duration-ms="28318" started-at="2019-08-17T23:00:12Z" finished-at="2019-08-17T23:00:41Z">
          <reporter-output>
          </reporter-output>
        </test-method> <!-- setUp -->
        <test-method status="PASS" signature="clickonAddWebsiteUserTest()[pri:6, instance:com.greenorbit.qa.testcases.HomePageTest@2ed94a8b]" name="clickonAddWebsiteUserTest" duration-ms="7951" started-at="2019-08-17T23:00:41Z" finished-at="2019-08-17T23:00:49Z">
          <reporter-output>
          </reporter-output>
        </test-method> <!-- clickonAddWebsiteUserTest -->
        <test-method status="PASS" signature="tearDown()[pri:0, instance:com.greenorbit.qa.testcases.HomePageTest@2ed94a8b]" name="tearDown" is-config="true" duration-ms="827" started-at="2019-08-17T23:00:49Z" finished-at="2019-08-17T23:00:49Z">
          <reporter-output>
          </reporter-output>
        </test-method> <!-- tearDown -->
      </class> <!-- com.greenorbit.qa.testcases.HomePageTest -->
    </test> <!-- Command line test -->
  </suite> <!-- Command line suite -->
</testng-results>
