<?xml version="1.0" encoding="UTF-8"?>
<testng-results skipped="0" failed="0" ignored="0" total="6" passed="6">
  <reporter-output>
  </reporter-output>
  <suite name="Default suite" duration-ms="91279" started-at="2019-08-19T07:15:50Z" finished-at="2019-08-19T07:17:22Z">
    <groups>
    </groups>
    <test name="Default test" duration-ms="91279" started-at="2019-08-19T07:15:50Z" finished-at="2019-08-19T07:17:22Z">
      <class name="com.greenorbit.qa.testcases.HomePageTest">
        <test-method status="PASS" signature="setUp()[pri:0, instance:com.greenorbit.qa.testcases.HomePageTest@3532ec19]" name="setUp" is-config="true" duration-ms="10919" started-at="2019-08-19T12:45:51Z" finished-at="2019-08-19T12:46:01Z">
          <reporter-output>
          </reporter-output>
        </test-method> <!-- setUp -->
        <test-method status="PASS" signature="verifyHomePageTitleTest()[pri:1, instance:com.greenorbit.qa.testcases.HomePageTest@3532ec19]" name="verifyHomePageTitleTest" duration-ms="17" started-at="2019-08-19T12:46:01Z" finished-at="2019-08-19T12:46:01Z">
          <reporter-output>
          </reporter-output>
        </test-method> <!-- verifyHomePageTitleTest -->
        <test-method status="PASS" signature="tearDown()[pri:0, instance:com.greenorbit.qa.testcases.HomePageTest@3532ec19]" name="tearDown" is-config="true" duration-ms="1011" started-at="2019-08-19T12:46:01Z" finished-at="2019-08-19T12:46:02Z">
          <reporter-output>
          </reporter-output>
        </test-method> <!-- tearDown -->
        <test-method status="PASS" signature="setUp()[pri:0, instance:com.greenorbit.qa.testcases.HomePageTest@3532ec19]" name="setUp" is-config="true" duration-ms="10331" started-at="2019-08-19T12:46:02Z" finished-at="2019-08-19T12:46:13Z">
          <reporter-output>
          </reporter-output>
        </test-method> <!-- setUp -->
        <test-method status="PASS" signature="verifyPageHeadingTest()[pri:2, instance:com.greenorbit.qa.testcases.HomePageTest@3532ec19]" name="verifyPageHeadingTest" duration-ms="148" started-at="2019-08-19T12:46:13Z" finished-at="2019-08-19T12:46:13Z">
          <reporter-output>
          </reporter-output>
        </test-method> <!-- verifyPageHeadingTest -->
        <test-method status="PASS" signature="tearDown()[pri:0, instance:com.greenorbit.qa.testcases.HomePageTest@3532ec19]" name="tearDown" is-config="true" duration-ms="873" started-at="2019-08-19T12:46:13Z" finished-at="2019-08-19T12:46:14Z">
          <reporter-output>
          </reporter-output>
        </test-method> <!-- tearDown -->
        <test-method status="PASS" signature="setUp()[pri:0, instance:com.greenorbit.qa.testcases.HomePageTest@3532ec19]" name="setUp" is-config="true" duration-ms="11851" started-at="2019-08-19T12:46:14Z" finished-at="2019-08-19T12:46:26Z">
          <reporter-output>
          </reporter-output>
        </test-method> <!-- setUp -->
        <test-method status="PASS" signature="clickOnHelpLinkTest()[pri:3, instance:com.greenorbit.qa.testcases.HomePageTest@3532ec19]" name="clickOnHelpLinkTest" duration-ms="2228" started-at="2019-08-19T12:46:26Z" finished-at="2019-08-19T12:46:28Z">
          <reporter-output>
          </reporter-output>
        </test-method> <!-- clickOnHelpLinkTest -->
        <test-method status="PASS" signature="tearDown()[pri:0, instance:com.greenorbit.qa.testcases.HomePageTest@3532ec19]" name="tearDown" is-config="true" duration-ms="910" started-at="2019-08-19T12:46:28Z" finished-at="2019-08-19T12:46:29Z">
          <reporter-output>
          </reporter-output>
        </test-method> <!-- tearDown -->
        <test-method status="PASS" signature="setUp()[pri:0, instance:com.greenorbit.qa.testcases.HomePageTest@3532ec19]" name="setUp" is-config="true" duration-ms="9894" started-at="2019-08-19T12:46:29Z" finished-at="2019-08-19T12:46:39Z">
          <reporter-output>
          </reporter-output>
        </test-method> <!-- setUp -->
        <test-method status="PASS" signature="clickOnAboutLinkTest()[pri:4, instance:com.greenorbit.qa.testcases.HomePageTest@3532ec19]" name="clickOnAboutLinkTest" duration-ms="7313" started-at="2019-08-19T12:46:39Z" finished-at="2019-08-19T12:46:46Z">
          <reporter-output>
          </reporter-output>
        </test-method> <!-- clickOnAboutLinkTest -->
        <test-method status="PASS" signature="tearDown()[pri:0, instance:com.greenorbit.qa.testcases.HomePageTest@3532ec19]" name="tearDown" is-config="true" duration-ms="1031" started-at="2019-08-19T12:46:46Z" finished-at="2019-08-19T12:46:47Z">
          <reporter-output>
          </reporter-output>
        </test-method> <!-- tearDown -->
        <test-method status="PASS" signature="setUp()[pri:0, instance:com.greenorbit.qa.testcases.HomePageTest@3532ec19]" name="setUp" is-config="true" duration-ms="10323" started-at="2019-08-19T12:46:47Z" finished-at="2019-08-19T12:46:57Z">
          <reporter-output>
          </reporter-output>
        </test-method> <!-- setUp -->
        <test-method status="PASS" signature="clickOnWebsiteUserTest()[pri:5, instance:com.greenorbit.qa.testcases.HomePageTest@3532ec19]" name="clickOnWebsiteUserTest" duration-ms="4968" started-at="2019-08-19T12:46:57Z" finished-at="2019-08-19T12:47:02Z">
          <reporter-output>
          </reporter-output>
        </test-method> <!-- clickOnWebsiteUserTest -->
        <test-method status="PASS" signature="tearDown()[pri:0, instance:com.greenorbit.qa.testcases.HomePageTest@3532ec19]" name="tearDown" is-config="true" duration-ms="933" started-at="2019-08-19T12:47:02Z" finished-at="2019-08-19T12:47:03Z">
          <reporter-output>
          </reporter-output>
        </test-method> <!-- tearDown -->
        <test-method status="PASS" signature="setUp()[pri:0, instance:com.greenorbit.qa.testcases.HomePageTest@3532ec19]" name="setUp" is-config="true" duration-ms="11463" started-at="2019-08-19T12:47:03Z" finished-at="2019-08-19T12:47:15Z">
          <reporter-output>
          </reporter-output>
        </test-method> <!-- setUp -->
        <test-method status="PASS" signature="clickonAddWebsiteUserTest()[pri:6, instance:com.greenorbit.qa.testcases.HomePageTest@3532ec19]" name="clickonAddWebsiteUserTest" duration-ms="6049" started-at="2019-08-19T12:47:15Z" finished-at="2019-08-19T12:47:21Z">
          <reporter-output>
          </reporter-output>
        </test-method> <!-- clickonAddWebsiteUserTest -->
        <test-method status="PASS" signature="tearDown()[pri:0, instance:com.greenorbit.qa.testcases.HomePageTest@3532ec19]" name="tearDown" is-config="true" duration-ms="972" started-at="2019-08-19T12:47:21Z" finished-at="2019-08-19T12:47:22Z">
          <reporter-output>
          </reporter-output>
        </test-method> <!-- tearDown -->
      </class> <!-- com.greenorbit.qa.testcases.HomePageTest -->
    </test> <!-- Default test -->
  </suite> <!-- Default suite -->
</testng-results>
